#
# A fatal error has been detected by the Java Runtime Environment:
#
#  EXCEPTION_ACCESS_VIOLATION (0xc0000005) at pc=0x00007fffa6c2bae6, pid=9048, tid=10004
#
# JRE version: OpenJDK Runtime Environment (11.0.25+11) (build 11.0.25+11-LTS)
# Java VM: OpenJDK 64-Bit Server VM (11.0.25+11-LTS, mixed mode, sharing, tiered, compressed oops, g1 gc, windows-amd64)
# Problematic frame:
# C  [glass.dll+0x1bae6]
#
# No core dump will be written. Minidumps are not enabled by default on client versions of Windows
#
# If you would like to submit a bug report, please visit:
#   https://bell-sw.com/support
# The crash happened outside the Java Virtual Machine in native code.
# See problematic frame for where to report the bug.
#

---------------  S U M M A R Y ------------

Command Line: -javaagent:D:\Programación\IntelliJ IDEA 2023.2.2\lib\idea_rt.jar=54073:D:\Programación\IntelliJ IDEA 2023.2.2\bin -Dfile.encoding=UTF-8 --module-path=C:\Users\PRUDEN\.m2\repository\com\dlsc\formsfx\formsfx-core\11.6.0\formsfx-core-11.6.0.jar;C:\Users\PRUDEN\.m2\repository\org\openjfx\javafx-controls\17.0.6\javafx-controls-17.0.6-win.jar;C:\Users\PRUDEN\.m2\repository\org\openjfx\javafx-graphics\17.0.6\javafx-graphics-17.0.6-win.jar;C:\Users\PRUDEN\.m2\repository\org\openjfx\javafx-fxml\17.0.6\javafx-fxml-17.0.6-win.jar;C:\Users\PRUDEN\.m2\repository\net\synedra\validatorfx\0.4.0\validatorfx-0.4.0.jar;C:\Users\PRUDEN\.m2\repository\org\openjfx\javafx-base\17.0.6\javafx-base-17.0.6-win.jar;C:\Users\PRUDEN\.m2\repository\org\controlsfx\controlsfx\11.1.2\controlsfx-11.1.2.jar;F:\Proyectos\Proyectos_JAVA\Tetris_2\target\classes;C:\Users\PRUDEN\.m2\repository\org\jetbrains\kotlin\kotlin-stdlib\1.8.22\kotlin-stdlib-1.8.22.jar -Djdk.module.main=com.pruden.tetris_2 com.pruden.tetris_2/com.pruden.tetris_2.TetrisKt

Host: AMD Ryzen 3 2200G with Radeon Vega Graphics    , 4 cores, 13G,  Windows 10 , 64 bit Build 17763 (10.0.17763.475)
Time: Sat Oct 26 15:21:01 2024 Hora de verano romance elapsed time: 4.980174 seconds (0d 0h 0m 4s)

---------------  T H R E A D  ---------------

Current thread (0x000002016b247000):  JavaThread "JavaFX Application Thread" [_thread_in_native, id=10004, stack(0x0000009f5f100000,0x0000009f5f200000)]

Stack: [0x0000009f5f100000,0x0000009f5f200000],  sp=0x0000009f5f1fc8b0,  free space=1010k
Native frames: (J=compiled Java code, j=interpreted, Vv=VM code, C=native code)
C  [glass.dll+0x1bae6]

Java frames: (J=compiled Java code, j=interpreted, Vv=VM code)
j  com.sun.glass.ui.win.WinWindow._close(J)Z+0 javafx.graphics@11.0.25
j  com.sun.glass.ui.Window.close()V+63 javafx.graphics@11.0.25
j  com.sun.glass.ui.win.WinWindow.close()V+8 javafx.graphics@11.0.25
j  com.sun.glass.ui.Application.terminate()V+75 javafx.graphics@11.0.25
j  com.sun.javafx.tk.quantum.QuantumToolkit.lambda$exit$13()Ljava/lang/Object;+5 javafx.graphics@11.0.25
j  com.sun.javafx.tk.quantum.QuantumToolkit$$Lambda$351.get()Ljava/lang/Object;+0 javafx.graphics@11.0.25
j  com.sun.javafx.tk.quantum.QuantumToolkit.runWithRenderLock(Ljava/util/function/Supplier;)Ljava/lang/Object;+7 javafx.graphics@11.0.25
j  com.sun.javafx.tk.quantum.QuantumToolkit.exit()V+26 javafx.graphics@11.0.25
j  com.sun.javafx.application.PlatformImpl.lambda$tkExit$16()V+3 javafx.graphics@11.0.25
j  com.sun.javafx.application.PlatformImpl$$Lambda$350.run()V+0 javafx.graphics@11.0.25
j  com.sun.javafx.application.PlatformImpl.lambda$runAndWait$12(Ljava/lang/Runnable;Ljava/util/concurrent/CountDownLatch;)V+1 javafx.graphics@11.0.25
j  com.sun.javafx.application.PlatformImpl$$Lambda$95.run()V+8 javafx.graphics@11.0.25
j  com.sun.javafx.application.PlatformImpl.lambda$runLater$10(Ljava/lang/Runnable;)Ljava/lang/Void;+1 javafx.graphics@11.0.25
j  com.sun.javafx.application.PlatformImpl$$Lambda$97.run()Ljava/lang/Object;+4 javafx.graphics@11.0.25
v  ~StubRoutines::call_stub
J 2254  java.security.AccessController.doPrivileged(Ljava/security/PrivilegedAction;Ljava/security/AccessControlContext;)Ljava/lang/Object; java.base@11.0.25 (0 bytes) @ 0x00000201577cdbb6 [0x00000201577cdb40+0x0000000000000076]
j  com.sun.javafx.application.PlatformImpl.lambda$runLater$11(Ljava/lang/Runnable;Ljava/security/AccessControlContext;)V+7 javafx.graphics@11.0.25
j  com.sun.javafx.application.PlatformImpl$$Lambda$96.run()V+8 javafx.graphics@11.0.25
j  com.sun.glass.ui.InvokeLaterDispatcher$Future.run()V+4 javafx.graphics@11.0.25
v  ~StubRoutines::call_stub
j  com.sun.glass.ui.win.WinApplication._runLoop(Ljava/lang/Runnable;)V+0 javafx.graphics@11.0.25
j  com.sun.glass.ui.win.WinApplication.lambda$runLoop$3(ILjava/lang/Runnable;)V+8 javafx.graphics@11.0.25
j  com.sun.glass.ui.win.WinApplication$$Lambda$85.run()V+12 javafx.graphics@11.0.25
j  java.lang.Thread.run()V+11 java.base@11.0.25
v  ~StubRoutines::call_stub

siginfo: EXCEPTION_ACCESS_VIOLATION (0xc0000005), reading address 0x0000000000000128


Register to memory mapping:

RIP=0x00007fffa6c2bae6 glass.dll
RAX=0x0 is NULL
RBX=0x0 is NULL
RCX=0x0 is NULL
RDX=0x0 is NULL
RSP=0x0000009f5f1fc8b0 is pointing into the stack for thread: 0x000002016b247000
RBP=0x0 is NULL
RSI=0x0000000000000401 is an unknown value
RDI=0x0000009f5f1fcc20 is pointing into the stack for thread: 0x000002016b247000
R8 =0x0000009f5f1fcc20 is pointing into the stack for thread: 0x000002016b247000
R9 =0x0 is NULL
R10=0x0 is NULL
R11=0x0000000000000246 is an unknown value
R12=0x0 is NULL
R13=0x0000000000000401 is an unknown value
R14=0x0 is NULL
R15=0x0000009f5f1fcc20 is pointing into the stack for thread: 0x000002016b247000


Registers:
RAX=0x0000000000000000, RBX=0x0000000000000000, RCX=0x0000000000000000, RDX=0x0000000000000000
RSP=0x0000009f5f1fc8b0, RBP=0x0000000000000000, RSI=0x0000000000000401, RDI=0x0000009f5f1fcc20
R8 =0x0000009f5f1fcc20, R9 =0x0000000000000000, R10=0x0000000000000000, R11=0x0000000000000246
R12=0x0000000000000000, R13=0x0000000000000401, R14=0x0000000000000000, R15=0x0000009f5f1fcc20
RIP=0x00007fffa6c2bae6, EFLAGS=0x0000000000010202

Top of Stack: (sp=0x0000009f5f1fc8b0)
0x0000009f5f1fc8b0:   0000000000000578 0000009f5f1fc8c0
0x0000009f5f1fc8c0:   0000000000180016 00007fffa6c375c0
0x0000009f5f1fc8d0:   0000009f5f1fcc20 00007fffa6c2a861
0x0000009f5f1fc8e0:   0000000000000000 0000009f5f1fcc20
0x0000009f5f1fc8f0:   0000000000000401 0000020144186960
0x0000009f5f1fc900:   000002016aa1c290 00007fffa6c1a505
0x0000009f5f1fc910:   0000009f5f1fcc20 00007fffce0c7801
0x0000009f5f1fc920:   000000000000c0b1 0000000000000001
0x0000009f5f1fc930:   0000000000000000 00007fffa6c1179f
0x0000009f5f1fc940:   000002016aa1c290 0000000000000401
0x0000009f5f1fc950:   000002016aa1c2bc 00000000003404c2
0x0000009f5f1fc960:   0000000000000000 0000000000000000
0x0000009f5f1fc970:   0000000080000022 00007fffce0c7536
0x0000009f5f1fc980:   0000000000000001 0000009f5f1fcb60
0x0000009f5f1fc990:   0000000000000000 0000000080000022
0x0000009f5f1fc9a0:   0000000000000000 0000000000000000 

Instructions: (pc=0x00007fffa6c2bae6)
0x00007fffa6c2b9e6:   a8 00 00 00 41 5e 41 5d 41 5c 5e 5d 5b c3 cc cc
0x00007fffa6c2b9f6:   cc cc cc cc cc cc cc cc cc cc b0 01 c3 cc cc cc
0x00007fffa6c2ba06:   cc cc cc cc cc cc cc cc cc cc 48 89 5c 24 08 57
0x00007fffa6c2ba16:   48 83 ec 30 48 8b fa 48 8b d9 48 39 91 28 01 00
0x00007fffa6c2ba26:   00 0f 84 a5 00 00 00 e8 ae 00 00 00 48 8b 93 28
0x00007fffa6c2ba36:   01 00 00 48 85 d2 75 04 48 8b 53 08 48 89 54 24
0x00007fffa6c2ba46:   20 4c 8b c7 48 85 ff 75 04 4c 8b 43 08 48 8d 0d
0x00007fffa6c2ba56:   b6 e5 00 00 4c 89 44 24 28 e8 fc 7b fe ff 48 8b
0x00007fffa6c2ba66:   4c 24 20 4c 8d 44 24 20 48 8d 15 eb f8 ff ff ff
0x00007fffa6c2ba76:   15 e5 db 01 00 48 8b 05 5e df 01 00 48 85 c0 75
0x00007fffa6c2ba86:   04 33 c9 eb 03 8b 48 48 4c 8d 44 24 20 48 8d 15
0x00007fffa6c2ba96:   06 f9 ff ff ff 15 c8 db 01 00 48 89 bb 28 01 00
0x00007fffa6c2baa6:   00 e8 f4 38 00 00 4c 8b 05 9d e2 01 00 48 8b c8
0x00007fffa6c2bab6:   48 8b 93 c8 00 00 00 4c 8b cf e8 5b 98 fe ff e8
0x00007fffa6c2bac6:   d6 38 00 00 48 8b c8 e8 ee 37 00 00 48 8b 5c 24
0x00007fffa6c2bad6:   40 48 83 c4 30 5f c3 cc cc cc 40 57 48 83 ec 20
0x00007fffa6c2bae6:   48 8b 81 28 01 00 00 48 8b f9 48 85 c0 75 04 48
0x00007fffa6c2baf6:   8b 41 08 48 3b 05 d0 e1 01 00 75 3b 48 89 5c 24
0x00007fffa6c2bb06:   30 e8 94 38 00 00 4c 8b 05 2d e2 01 00 48 8b c8
0x00007fffa6c2bb16:   48 8b 97 c8 00 00 00 48 8b d8 e8 fb 97 fe ff 48
0x00007fffa6c2bb26:   8b cb e8 93 37 00 00 48 8b 5c 24 30 48 c7 05 93
0x00007fffa6c2bb36:   e1 01 00 00 00 00 00 48 83 c4 20 5f c3 cc cc cc
0x00007fffa6c2bb46:   cc cc cc cc cc cc cc cc cc cc 40 53 48 83 ec 50
0x00007fffa6c2bb56:   48 8b 05 63 b6 01 00 48 33 c4 48 89 44 24 40 48
0x00007fffa6c2bb66:   8b d9 48 8b 49 08 ff 15 6e da 01 00 85 c0 0f 85
0x00007fffa6c2bb76:   1b 01 00 00 48 8b 4b 08 48 8d 54 24 30 ff 15 bf
0x00007fffa6c2bb86:   d8 01 00 48 8b 4b 08 48 8d 54 24 20 ff 15 18 d9
0x00007fffa6c2bb96:   01 00 48 8b 4b 08 4c 8d 44 24 20 41 b9 02 00 00
0x00007fffa6c2bba6:   00 33 d2 ff 15 09 d9 01 00 8b 44 24 24 2b 44 24
0x00007fffa6c2bbb6:   34 8b 4c 24 20 2b 4c 24 30 8b 54 24 3c 2b 54 24
0x00007fffa6c2bbc6:   2c 44 8b 44 24 38 44 2b 44 24 28 89 83 14 01 00
0x00007fffa6c2bbd6:   00 89 8b 10 01 00 00 89 93 1c 01 00 00 44 89 83 


Stack slot to memory mapping:
stack at sp + 0 slots: 0x0000000000000578 is an unknown value
stack at sp + 1 slots: 0x0000009f5f1fc8c0 is pointing into the stack for thread: 0x000002016b247000
stack at sp + 2 slots: 0x0000000000180016 is an unknown value
stack at sp + 3 slots: 0x00007fffa6c375c0 glass.dll
stack at sp + 4 slots: 0x0000009f5f1fcc20 is pointing into the stack for thread: 0x000002016b247000
stack at sp + 5 slots: 0x00007fffa6c2a861 glass.dll
stack at sp + 6 slots: 0x0 is NULL
stack at sp + 7 slots: 0x0000009f5f1fcc20 is pointing into the stack for thread: 0x000002016b247000


---------------  P R O C E S S  ---------------

Threads class SMR info:
_java_thread_list=0x000002016ad80d70, length=18, elements={
0x0000020145db4000, 0x0000020169dca000, 0x0000020169dcb800, 0x0000020169de1000,
0x0000020169de5000, 0x0000020169dea800, 0x0000020169def800, 0x0000020169df3800,
0x0000020169df6000, 0x00000201695a9800, 0x000002016afef800, 0x000002016aaf5000,
0x000002016aaf4800, 0x000002016aa1c800, 0x000002016b247000, 0x000002016af2e800,
0x00000201724ed800, 0x0000020172876800
}

Java Threads: ( => current thread )
  0x0000020145db4000 JavaThread "main" [_thread_blocked, id=6348, stack(0x0000009f5d600000,0x0000009f5d700000)]
  0x0000020169dca000 JavaThread "Reference Handler" daemon [_thread_blocked, id=2120, stack(0x0000009f5dd00000,0x0000009f5de00000)]
  0x0000020169dcb800 JavaThread "Finalizer" daemon [_thread_blocked, id=15132, stack(0x0000009f5de00000,0x0000009f5df00000)]
  0x0000020169de1000 JavaThread "Signal Dispatcher" daemon [_thread_blocked, id=14192, stack(0x0000009f5df00000,0x0000009f5e000000)]
  0x0000020169de5000 JavaThread "Attach Listener" daemon [_thread_blocked, id=13152, stack(0x0000009f5e000000,0x0000009f5e100000)]
  0x0000020169dea800 JavaThread "Service Thread" daemon [_thread_blocked, id=7272, stack(0x0000009f5e100000,0x0000009f5e200000)]
  0x0000020169def800 JavaThread "C2 CompilerThread0" daemon [_thread_blocked, id=1420, stack(0x0000009f5e200000,0x0000009f5e300000)]
  0x0000020169df3800 JavaThread "C1 CompilerThread0" daemon [_thread_blocked, id=5268, stack(0x0000009f5e300000,0x0000009f5e400000)]
  0x0000020169df6000 JavaThread "Sweeper thread" daemon [_thread_blocked, id=11004, stack(0x0000009f5e400000,0x0000009f5e500000)]
  0x00000201695a9800 JavaThread "Common-Cleaner" daemon [_thread_blocked, id=3152, stack(0x0000009f5e500000,0x0000009f5e600000)]
  0x000002016afef800 JavaThread "Monitor Ctrl-Break" daemon [_thread_in_native, id=11208, stack(0x0000009f5e700000,0x0000009f5e800000)]
  0x000002016aaf5000 JavaThread "JavaFX-Launcher" [_thread_blocked, id=12124, stack(0x0000009f5e900000,0x0000009f5ea00000)]
  0x000002016aaf4800 JavaThread "QuantumRenderer-0" daemon [_thread_blocked, id=7308, stack(0x0000009f5ea00000,0x0000009f5eb00000)]
  0x000002016aa1c800 JavaThread "InvokeLaterDispatcher" daemon [_thread_blocked, id=2700, stack(0x0000009f5f000000,0x0000009f5f100000)]
=>0x000002016b247000 JavaThread "JavaFX Application Thread" [_thread_in_native, id=10004, stack(0x0000009f5f100000,0x0000009f5f200000)]
  0x000002016af2e800 JavaThread "Thread-2" daemon [_thread_in_native, id=11308, stack(0x0000009f5f800000,0x0000009f5f900000)]
  0x00000201724ed800 JavaThread "Prism Font Disposer" daemon [_thread_blocked, id=11156, stack(0x0000009f60400000,0x0000009f60500000)]
  0x0000020172876800 JavaThread "Media Resource Disposer" daemon [_thread_blocked, id=12900, stack(0x0000009f60500000,0x0000009f60600000)]

Other Threads:
  0x00000201695be800 VMThread "VM Thread" [stack: 0x0000009f5dc00000,0x0000009f5dd00000] [id=9464]
  0x000002016a57c000 WatcherThread [stack: 0x0000009f5e800000,0x0000009f5e900000] [id=10912]
  0x0000020145dcc800 GCTaskThread "GC Thread#0" [stack: 0x0000009f5d700000,0x0000009f5d800000] [id=6800]
  0x000002016afee800 GCTaskThread "GC Thread#1" [stack: 0x0000009f5eb00000,0x0000009f5ec00000] [id=8176]
  0x000002016b7d4800 GCTaskThread "GC Thread#2" [stack: 0x0000009f5ec00000,0x0000009f5ed00000] [id=14992]
  0x000002016affc000 GCTaskThread "GC Thread#3" [stack: 0x0000009f5ed00000,0x0000009f5ee00000] [id=8480]
  0x0000020145e1f000 ConcurrentGCThread "G1 Main Marker" [stack: 0x0000009f5d800000,0x0000009f5d900000] [id=11956]
  0x0000020145e21800 ConcurrentGCThread "G1 Conc#0" [stack: 0x0000009f5d900000,0x0000009f5da00000] [id=12828]
  0x0000020145e7e800 ConcurrentGCThread "G1 Refine#0" [stack: 0x0000009f5da00000,0x0000009f5db00000] [id=13936]
  0x0000020169450800 ConcurrentGCThread "G1 Young RemSet Sampling" [stack: 0x0000009f5db00000,0x0000009f5dc00000] [id=12684]

Threads with active compile tasks:

VM state:not at safepoint (normal execution)

VM Mutex/Monitor currently owned by a thread: None

Heap address: 0x0000000721000000, size: 3568 MB, Compressed Oops mode: Zero based, Oop shift amount: 3
Narrow klass base: 0x0000000800000000, Narrow klass shift: 3
Compressed class space size: 1073741824 Address: 0x0000000840000000

Heap:
 garbage-first heap   total 229376K, used 26076K [0x0000000721000000, 0x0000000800000000)
  region size 1024K, 27 young (27648K), 2 survivors (2048K)
 Metaspace       used 17261K, capacity 18036K, committed 18176K, reserved 1064960K
  class space    used 2164K, capacity 2509K, committed 2560K, reserved 1048576K
Heap Regions: E=young(eden), S=young(survivor), O=old, HS=humongous(starts), HC=humongous(continues), CS=collection set, F=free, A=archive, TAMS=top-at-mark-start (previous, next)
|   0|0x0000000721000000, 0x0000000721000000, 0x0000000721100000|  0%| F|  |TAMS 0x0000000721000000, 0x0000000721000000| Untracked 
|   1|0x0000000721100000, 0x0000000721100000, 0x0000000721200000|  0%| F|  |TAMS 0x0000000721100000, 0x0000000721100000| Untracked 
|   2|0x0000000721200000, 0x0000000721200000, 0x0000000721300000|  0%| F|  |TAMS 0x0000000721200000, 0x0000000721200000| Untracked 
|   3|0x0000000721300000, 0x0000000721300000, 0x0000000721400000|  0%| F|  |TAMS 0x0000000721300000, 0x0000000721300000| Untracked 
|   4|0x0000000721400000, 0x0000000721400000, 0x0000000721500000|  0%| F|  |TAMS 0x0000000721400000, 0x0000000721400000| Untracked 
|   5|0x0000000721500000, 0x0000000721500000, 0x0000000721600000|  0%| F|  |TAMS 0x0000000721500000, 0x0000000721500000| Untracked 
|   6|0x0000000721600000, 0x0000000721600000, 0x0000000721700000|  0%| F|  |TAMS 0x0000000721600000, 0x0000000721600000| Untracked 
|   7|0x0000000721700000, 0x0000000721700000, 0x0000000721800000|  0%| F|  |TAMS 0x0000000721700000, 0x0000000721700000| Untracked 
|   8|0x0000000721800000, 0x0000000721800000, 0x0000000721900000|  0%| F|  |TAMS 0x0000000721800000, 0x0000000721800000| Untracked 
|   9|0x0000000721900000, 0x0000000721900000, 0x0000000721a00000|  0%| F|  |TAMS 0x0000000721900000, 0x0000000721900000| Untracked 
|  10|0x0000000721a00000, 0x0000000721a00000, 0x0000000721b00000|  0%| F|  |TAMS 0x0000000721a00000, 0x0000000721a00000| Untracked 
|  11|0x0000000721b00000, 0x0000000721b00000, 0x0000000721c00000|  0%| F|  |TAMS 0x0000000721b00000, 0x0000000721b00000| Untracked 
|  12|0x0000000721c00000, 0x0000000721c00000, 0x0000000721d00000|  0%| F|  |TAMS 0x0000000721c00000, 0x0000000721c00000| Untracked 
|  13|0x0000000721d00000, 0x0000000721d00000, 0x0000000721e00000|  0%| F|  |TAMS 0x0000000721d00000, 0x0000000721d00000| Untracked 
|  14|0x0000000721e00000, 0x0000000721e00000, 0x0000000721f00000|  0%| F|  |TAMS 0x0000000721e00000, 0x0000000721e00000| Untracked 
|  15|0x0000000721f00000, 0x0000000721f00000, 0x0000000722000000|  0%| F|  |TAMS 0x0000000721f00000, 0x0000000721f00000| Untracked 
|  16|0x0000000722000000, 0x0000000722000000, 0x0000000722100000|  0%| F|  |TAMS 0x0000000722000000, 0x0000000722000000| Untracked 
|  17|0x0000000722100000, 0x0000000722100000, 0x0000000722200000|  0%| F|  |TAMS 0x0000000722100000, 0x0000000722100000| Untracked 
|  18|0x0000000722200000, 0x0000000722200000, 0x0000000722300000|  0%| F|  |TAMS 0x0000000722200000, 0x0000000722200000| Untracked 
|  19|0x0000000722300000, 0x0000000722300000, 0x0000000722400000|  0%| F|  |TAMS 0x0000000722300000, 0x0000000722300000| Untracked 
|  20|0x0000000722400000, 0x0000000722400000, 0x0000000722500000|  0%| F|  |TAMS 0x0000000722400000, 0x0000000722400000| Untracked 
|  21|0x0000000722500000, 0x0000000722500000, 0x0000000722600000|  0%| F|  |TAMS 0x0000000722500000, 0x0000000722500000| Untracked 
|  22|0x0000000722600000, 0x0000000722600000, 0x0000000722700000|  0%| F|  |TAMS 0x0000000722600000, 0x0000000722600000| Untracked 
|  23|0x0000000722700000, 0x0000000722700000, 0x0000000722800000|  0%| F|  |TAMS 0x0000000722700000, 0x0000000722700000| Untracked 
|  24|0x0000000722800000, 0x0000000722800000, 0x0000000722900000|  0%| F|  |TAMS 0x0000000722800000, 0x0000000722800000| Untracked 
|  25|0x0000000722900000, 0x0000000722900000, 0x0000000722a00000|  0%| F|  |TAMS 0x0000000722900000, 0x0000000722900000| Untracked 
|  26|0x0000000722a00000, 0x0000000722a00000, 0x0000000722b00000|  0%| F|  |TAMS 0x0000000722a00000, 0x0000000722a00000| Untracked 
|  27|0x0000000722b00000, 0x0000000722b00000, 0x0000000722c00000|  0%| F|  |TAMS 0x0000000722b00000, 0x0000000722b00000| Untracked 
|  28|0x0000000722c00000, 0x0000000722c00000, 0x0000000722d00000|  0%| F|  |TAMS 0x0000000722c00000, 0x0000000722c00000| Untracked 
|  29|0x0000000722d00000, 0x0000000722d00000, 0x0000000722e00000|  0%| F|  |TAMS 0x0000000722d00000, 0x0000000722d00000| Untracked 
|  30|0x0000000722e00000, 0x0000000722e00000, 0x0000000722f00000|  0%| F|  |TAMS 0x0000000722e00000, 0x0000000722e00000| Untracked 
|  31|0x0000000722f00000, 0x0000000722f00000, 0x0000000723000000|  0%| F|  |TAMS 0x0000000722f00000, 0x0000000722f00000| Untracked 
|  32|0x0000000723000000, 0x0000000723000000, 0x0000000723100000|  0%| F|  |TAMS 0x0000000723000000, 0x0000000723000000| Untracked 
|  33|0x0000000723100000, 0x0000000723100000, 0x0000000723200000|  0%| F|  |TAMS 0x0000000723100000, 0x0000000723100000| Untracked 
|  34|0x0000000723200000, 0x0000000723200000, 0x0000000723300000|  0%| F|  |TAMS 0x0000000723200000, 0x0000000723200000| Untracked 
|  35|0x0000000723300000, 0x0000000723300000, 0x0000000723400000|  0%| F|  |TAMS 0x0000000723300000, 0x0000000723300000| Untracked 
|  36|0x0000000723400000, 0x0000000723400000, 0x0000000723500000|  0%| F|  |TAMS 0x0000000723400000, 0x0000000723400000| Untracked 
|  37|0x0000000723500000, 0x0000000723500000, 0x0000000723600000|  0%| F|  |TAMS 0x0000000723500000, 0x0000000723500000| Untracked 
|  38|0x0000000723600000, 0x0000000723600000, 0x0000000723700000|  0%| F|  |TAMS 0x0000000723600000, 0x0000000723600000| Untracked 
|  39|0x0000000723700000, 0x0000000723700000, 0x0000000723800000|  0%| F|  |TAMS 0x0000000723700000, 0x0000000723700000| Untracked 
|  40|0x0000000723800000, 0x0000000723800000, 0x0000000723900000|  0%| F|  |TAMS 0x0000000723800000, 0x0000000723800000| Untracked 
|  41|0x0000000723900000, 0x0000000723900000, 0x0000000723a00000|  0%| F|  |TAMS 0x0000000723900000, 0x0000000723900000| Untracked 
|  42|0x0000000723a00000, 0x0000000723a00000, 0x0000000723b00000|  0%| F|  |TAMS 0x0000000723a00000, 0x0000000723a00000| Untracked 
|  43|0x0000000723b00000, 0x0000000723b00000, 0x0000000723c00000|  0%| F|  |TAMS 0x0000000723b00000, 0x0000000723b00000| Untracked 
|  44|0x0000000723c00000, 0x0000000723c00000, 0x0000000723d00000|  0%| F|  |TAMS 0x0000000723c00000, 0x0000000723c00000| Untracked 
|  45|0x0000000723d00000, 0x0000000723d00000, 0x0000000723e00000|  0%| F|  |TAMS 0x0000000723d00000, 0x0000000723d00000| Untracked 
|  46|0x0000000723e00000, 0x0000000723e00000, 0x0000000723f00000|  0%| F|  |TAMS 0x0000000723e00000, 0x0000000723e00000| Untracked 
|  47|0x0000000723f00000, 0x0000000723f00000, 0x0000000724000000|  0%| F|  |TAMS 0x0000000723f00000, 0x0000000723f00000| Untracked 
|  48|0x0000000724000000, 0x0000000724000000, 0x0000000724100000|  0%| F|  |TAMS 0x0000000724000000, 0x0000000724000000| Untracked 
|  49|0x0000000724100000, 0x0000000724100000, 0x0000000724200000|  0%| F|  |TAMS 0x0000000724100000, 0x0000000724100000| Untracked 
|  50|0x0000000724200000, 0x0000000724200000, 0x0000000724300000|  0%| F|  |TAMS 0x0000000724200000, 0x0000000724200000| Untracked 
|  51|0x0000000724300000, 0x0000000724300000, 0x0000000724400000|  0%| F|  |TAMS 0x0000000724300000, 0x0000000724300000| Untracked 
|  52|0x0000000724400000, 0x0000000724400000, 0x0000000724500000|  0%| F|  |TAMS 0x0000000724400000, 0x0000000724400000| Untracked 
|  53|0x0000000724500000, 0x0000000724500000, 0x0000000724600000|  0%| F|  |TAMS 0x0000000724500000, 0x0000000724500000| Untracked 
|  54|0x0000000724600000, 0x0000000724600000, 0x0000000724700000|  0%| F|  |TAMS 0x0000000724600000, 0x0000000724600000| Untracked 
|  55|0x0000000724700000, 0x0000000724700000, 0x0000000724800000|  0%| F|  |TAMS 0x0000000724700000, 0x0000000724700000| Untracked 
|  56|0x0000000724800000, 0x0000000724800000, 0x0000000724900000|  0%| F|  |TAMS 0x0000000724800000, 0x0000000724800000| Untracked 
|  57|0x0000000724900000, 0x0000000724900000, 0x0000000724a00000|  0%| F|  |TAMS 0x0000000724900000, 0x0000000724900000| Untracked 
|  58|0x0000000724a00000, 0x0000000724a00000, 0x0000000724b00000|  0%| F|  |TAMS 0x0000000724a00000, 0x0000000724a00000| Untracked 
|  59|0x0000000724b00000, 0x0000000724b00000, 0x0000000724c00000|  0%| F|  |TAMS 0x0000000724b00000, 0x0000000724b00000| Untracked 
|  60|0x0000000724c00000, 0x0000000724c00000, 0x0000000724d00000|  0%| F|  |TAMS 0x0000000724c00000, 0x0000000724c00000| Untracked 
|  61|0x0000000724d00000, 0x0000000724d00000, 0x0000000724e00000|  0%| F|  |TAMS 0x0000000724d00000, 0x0000000724d00000| Untracked 
|  62|0x0000000724e00000, 0x0000000724e00000, 0x0000000724f00000|  0%| F|  |TAMS 0x0000000724e00000, 0x0000000724e00000| Untracked 
|  63|0x0000000724f00000, 0x0000000724f00000, 0x0000000725000000|  0%| F|  |TAMS 0x0000000724f00000, 0x0000000724f00000| Untracked 
|  64|0x0000000725000000, 0x0000000725000000, 0x0000000725100000|  0%| F|  |TAMS 0x0000000725000000, 0x0000000725000000| Untracked 
|  65|0x0000000725100000, 0x0000000725100000, 0x0000000725200000|  0%| F|  |TAMS 0x0000000725100000, 0x0000000725100000| Untracked 
|  66|0x0000000725200000, 0x0000000725200000, 0x0000000725300000|  0%| F|  |TAMS 0x0000000725200000, 0x0000000725200000| Untracked 
|  67|0x0000000725300000, 0x0000000725300000, 0x0000000725400000|  0%| F|  |TAMS 0x0000000725300000, 0x0000000725300000| Untracked 
|  68|0x0000000725400000, 0x0000000725400000, 0x0000000725500000|  0%| F|  |TAMS 0x0000000725400000, 0x0000000725400000| Untracked 
|  69|0x0000000725500000, 0x0000000725500000, 0x0000000725600000|  0%| F|  |TAMS 0x0000000725500000, 0x0000000725500000| Untracked 
|  70|0x0000000725600000, 0x0000000725600000, 0x0000000725700000|  0%| F|  |TAMS 0x0000000725600000, 0x0000000725600000| Untracked 
|  71|0x0000000725700000, 0x0000000725700000, 0x0000000725800000|  0%| F|  |TAMS 0x0000000725700000, 0x0000000725700000| Untracked 
|  72|0x0000000725800000, 0x0000000725800000, 0x0000000725900000|  0%| F|  |TAMS 0x0000000725800000, 0x0000000725800000| Untracked 
|  73|0x0000000725900000, 0x0000000725900000, 0x0000000725a00000|  0%| F|  |TAMS 0x0000000725900000, 0x0000000725900000| Untracked 
|  74|0x0000000725a00000, 0x0000000725a00000, 0x0000000725b00000|  0%| F|  |TAMS 0x0000000725a00000, 0x0000000725a00000| Untracked 
|  75|0x0000000725b00000, 0x0000000725b00000, 0x0000000725c00000|  0%| F|  |TAMS 0x0000000725b00000, 0x0000000725b00000| Untracked 
|  76|0x0000000725c00000, 0x0000000725c00000, 0x0000000725d00000|  0%| F|  |TAMS 0x0000000725c00000, 0x0000000725c00000| Untracked 
|  77|0x0000000725d00000, 0x0000000725d00000, 0x0000000725e00000|  0%| F|  |TAMS 0x0000000725d00000, 0x0000000725d00000| Untracked 
|  78|0x0000000725e00000, 0x0000000725e00000, 0x0000000725f00000|  0%| F|  |TAMS 0x0000000725e00000, 0x0000000725e00000| Untracked 
|  79|0x0000000725f00000, 0x0000000725f00000, 0x0000000726000000|  0%| F|  |TAMS 0x0000000725f00000, 0x0000000725f00000| Untracked 
|  80|0x0000000726000000, 0x0000000726000000, 0x0000000726100000|  0%| F|  |TAMS 0x0000000726000000, 0x0000000726000000| Untracked 
|  81|0x0000000726100000, 0x0000000726100000, 0x0000000726200000|  0%| F|  |TAMS 0x0000000726100000, 0x0000000726100000| Untracked 
|  82|0x0000000726200000, 0x0000000726200000, 0x0000000726300000|  0%| F|  |TAMS 0x0000000726200000, 0x0000000726200000| Untracked 
|  83|0x0000000726300000, 0x0000000726300000, 0x0000000726400000|  0%| F|  |TAMS 0x0000000726300000, 0x0000000726300000| Untracked 
|  84|0x0000000726400000, 0x0000000726400000, 0x0000000726500000|  0%| F|  |TAMS 0x0000000726400000, 0x0000000726400000| Untracked 
|  85|0x0000000726500000, 0x0000000726500000, 0x0000000726600000|  0%| F|  |TAMS 0x0000000726500000, 0x0000000726500000| Untracked 
|  86|0x0000000726600000, 0x0000000726600000, 0x0000000726700000|  0%| F|  |TAMS 0x0000000726600000, 0x0000000726600000| Untracked 
|  87|0x0000000726700000, 0x0000000726700000, 0x0000000726800000|  0%| F|  |TAMS 0x0000000726700000, 0x0000000726700000| Untracked 
|  88|0x0000000726800000, 0x0000000726800000, 0x0000000726900000|  0%| F|  |TAMS 0x0000000726800000, 0x0000000726800000| Untracked 
|  89|0x0000000726900000, 0x0000000726900000, 0x0000000726a00000|  0%| F|  |TAMS 0x0000000726900000, 0x0000000726900000| Untracked 
|  90|0x0000000726a00000, 0x0000000726a00000, 0x0000000726b00000|  0%| F|  |TAMS 0x0000000726a00000, 0x0000000726a00000| Untracked 
|  91|0x0000000726b00000, 0x0000000726b00000, 0x0000000726c00000|  0%| F|  |TAMS 0x0000000726b00000, 0x0000000726b00000| Untracked 
|  92|0x0000000726c00000, 0x0000000726c00000, 0x0000000726d00000|  0%| F|  |TAMS 0x0000000726c00000, 0x0000000726c00000| Untracked 
|  93|0x0000000726d00000, 0x0000000726d00000, 0x0000000726e00000|  0%| F|  |TAMS 0x0000000726d00000, 0x0000000726d00000| Untracked 
|  94|0x0000000726e00000, 0x0000000726e00000, 0x0000000726f00000|  0%| F|  |TAMS 0x0000000726e00000, 0x0000000726e00000| Untracked 
|  95|0x0000000726f00000, 0x0000000726f00000, 0x0000000727000000|  0%| F|  |TAMS 0x0000000726f00000, 0x0000000726f00000| Untracked 
|  96|0x0000000727000000, 0x0000000727000000, 0x0000000727100000|  0%| F|  |TAMS 0x0000000727000000, 0x0000000727000000| Untracked 
|  97|0x0000000727100000, 0x0000000727100000, 0x0000000727200000|  0%| F|  |TAMS 0x0000000727100000, 0x0000000727100000| Untracked 
|  98|0x0000000727200000, 0x0000000727200000, 0x0000000727300000|  0%| F|  |TAMS 0x0000000727200000, 0x0000000727200000| Untracked 
|  99|0x0000000727300000, 0x0000000727300000, 0x0000000727400000|  0%| F|  |TAMS 0x0000000727300000, 0x0000000727300000| Untracked 
| 100|0x0000000727400000, 0x0000000727400000, 0x0000000727500000|  0%| F|  |TAMS 0x0000000727400000, 0x0000000727400000| Untracked 
| 101|0x0000000727500000, 0x0000000727500000, 0x0000000727600000|  0%| F|  |TAMS 0x0000000727500000, 0x0000000727500000| Untracked 
| 102|0x0000000727600000, 0x0000000727600000, 0x0000000727700000|  0%| F|  |TAMS 0x0000000727600000, 0x0000000727600000| Untracked 
| 103|0x0000000727700000, 0x0000000727700000, 0x0000000727800000|  0%| F|  |TAMS 0x0000000727700000, 0x0000000727700000| Untracked 
| 104|0x0000000727800000, 0x0000000727800000, 0x0000000727900000|  0%| F|  |TAMS 0x0000000727800000, 0x0000000727800000| Untracked 
| 105|0x0000000727900000, 0x0000000727900000, 0x0000000727a00000|  0%| F|  |TAMS 0x0000000727900000, 0x0000000727900000| Untracked 
| 106|0x0000000727a00000, 0x0000000727a00000, 0x0000000727b00000|  0%| F|  |TAMS 0x0000000727a00000, 0x0000000727a00000| Untracked 
| 107|0x0000000727b00000, 0x0000000727b00000, 0x0000000727c00000|  0%| F|  |TAMS 0x0000000727b00000, 0x0000000727b00000| Untracked 
| 108|0x0000000727c00000, 0x0000000727c00000, 0x0000000727d00000|  0%| F|  |TAMS 0x0000000727c00000, 0x0000000727c00000| Untracked 
| 109|0x0000000727d00000, 0x0000000727d00000, 0x0000000727e00000|  0%| F|  |TAMS 0x0000000727d00000, 0x0000000727d00000| Untracked 
| 110|0x0000000727e00000, 0x0000000727e00000, 0x0000000727f00000|  0%| F|  |TAMS 0x0000000727e00000, 0x0000000727e00000| Untracked 
| 111|0x0000000727f00000, 0x0000000727f00000, 0x0000000728000000|  0%| F|  |TAMS 0x0000000727f00000, 0x0000000727f00000| Untracked 
| 112|0x0000000728000000, 0x0000000728000000, 0x0000000728100000|  0%| F|  |TAMS 0x0000000728000000, 0x0000000728000000| Untracked 
| 113|0x0000000728100000, 0x0000000728100000, 0x0000000728200000|  0%| F|  |TAMS 0x0000000728100000, 0x0000000728100000| Untracked 
| 114|0x0000000728200000, 0x0000000728200000, 0x0000000728300000|  0%| F|  |TAMS 0x0000000728200000, 0x0000000728200000| Untracked 
| 115|0x0000000728300000, 0x0000000728300000, 0x0000000728400000|  0%| F|  |TAMS 0x0000000728300000, 0x0000000728300000| Untracked 
| 116|0x0000000728400000, 0x0000000728400000, 0x0000000728500000|  0%| F|  |TAMS 0x0000000728400000, 0x0000000728400000| Untracked 
| 117|0x0000000728500000, 0x0000000728500000, 0x0000000728600000|  0%| F|  |TAMS 0x0000000728500000, 0x0000000728500000| Untracked 
| 118|0x0000000728600000, 0x0000000728600000, 0x0000000728700000|  0%| F|  |TAMS 0x0000000728600000, 0x0000000728600000| Untracked 
| 119|0x0000000728700000, 0x0000000728700000, 0x0000000728800000|  0%| F|  |TAMS 0x0000000728700000, 0x0000000728700000| Untracked 
| 120|0x0000000728800000, 0x0000000728800000, 0x0000000728900000|  0%| F|  |TAMS 0x0000000728800000, 0x0000000728800000| Untracked 
| 121|0x0000000728900000, 0x0000000728900000, 0x0000000728a00000|  0%| F|  |TAMS 0x0000000728900000, 0x0000000728900000| Untracked 
| 122|0x0000000728a00000, 0x0000000728a00000, 0x0000000728b00000|  0%| F|  |TAMS 0x0000000728a00000, 0x0000000728a00000| Untracked 
| 123|0x0000000728b00000, 0x0000000728b00000, 0x0000000728c00000|  0%| F|  |TAMS 0x0000000728b00000, 0x0000000728b00000| Untracked 
| 124|0x0000000728c00000, 0x0000000728c00000, 0x0000000728d00000|  0%| F|  |TAMS 0x0000000728c00000, 0x0000000728c00000| Untracked 
| 125|0x0000000728d00000, 0x0000000728d00000, 0x0000000728e00000|  0%| F|  |TAMS 0x0000000728d00000, 0x0000000728d00000| Untracked 
| 126|0x0000000728e00000, 0x0000000728e00000, 0x0000000728f00000|  0%| F|  |TAMS 0x0000000728e00000, 0x0000000728e00000| Untracked 
| 127|0x0000000728f00000, 0x0000000728f00000, 0x0000000729000000|  0%| F|  |TAMS 0x0000000728f00000, 0x0000000728f00000| Untracked 
| 128|0x0000000729000000, 0x0000000729000000, 0x0000000729100000|  0%| F|  |TAMS 0x0000000729000000, 0x0000000729000000| Untracked 
| 129|0x0000000729100000, 0x0000000729100000, 0x0000000729200000|  0%| F|  |TAMS 0x0000000729100000, 0x0000000729100000| Untracked 
| 130|0x0000000729200000, 0x0000000729200000, 0x0000000729300000|  0%| F|  |TAMS 0x0000000729200000, 0x0000000729200000| Untracked 
| 131|0x0000000729300000, 0x0000000729300000, 0x0000000729400000|  0%| F|  |TAMS 0x0000000729300000, 0x0000000729300000| Untracked 
| 132|0x0000000729400000, 0x0000000729400000, 0x0000000729500000|  0%| F|  |TAMS 0x0000000729400000, 0x0000000729400000| Untracked 
| 133|0x0000000729500000, 0x0000000729500000, 0x0000000729600000|  0%| F|  |TAMS 0x0000000729500000, 0x0000000729500000| Untracked 
| 134|0x0000000729600000, 0x0000000729600000, 0x0000000729700000|  0%| F|  |TAMS 0x0000000729600000, 0x0000000729600000| Untracked 
| 135|0x0000000729700000, 0x0000000729700000, 0x0000000729800000|  0%| F|  |TAMS 0x0000000729700000, 0x0000000729700000| Untracked 
| 136|0x0000000729800000, 0x0000000729800000, 0x0000000729900000|  0%| F|  |TAMS 0x0000000729800000, 0x0000000729800000| Untracked 
| 137|0x0000000729900000, 0x0000000729900000, 0x0000000729a00000|  0%| F|  |TAMS 0x0000000729900000, 0x0000000729900000| Untracked 
| 138|0x0000000729a00000, 0x0000000729a00000, 0x0000000729b00000|  0%| F|  |TAMS 0x0000000729a00000, 0x0000000729a00000| Untracked 
| 139|0x0000000729b00000, 0x0000000729b00000, 0x0000000729c00000|  0%| F|  |TAMS 0x0000000729b00000, 0x0000000729b00000| Untracked 
| 140|0x0000000729c00000, 0x0000000729c00000, 0x0000000729d00000|  0%| F|  |TAMS 0x0000000729c00000, 0x0000000729c00000| Untracked 
| 141|0x0000000729d00000, 0x0000000729d00000, 0x0000000729e00000|  0%| F|  |TAMS 0x0000000729d00000, 0x0000000729d00000| Untracked 
| 142|0x0000000729e00000, 0x0000000729e00000, 0x0000000729f00000|  0%| F|  |TAMS 0x0000000729e00000, 0x0000000729e00000| Untracked 
| 143|0x0000000729f00000, 0x0000000729f00000, 0x000000072a000000|  0%| F|  |TAMS 0x0000000729f00000, 0x0000000729f00000| Untracked 
| 144|0x000000072a000000, 0x000000072a000000, 0x000000072a100000|  0%| F|  |TAMS 0x000000072a000000, 0x000000072a000000| Untracked 
| 145|0x000000072a100000, 0x000000072a100000, 0x000000072a200000|  0%| F|  |TAMS 0x000000072a100000, 0x000000072a100000| Untracked 
| 146|0x000000072a200000, 0x000000072a200000, 0x000000072a300000|  0%| F|  |TAMS 0x000000072a200000, 0x000000072a200000| Untracked 
| 147|0x000000072a300000, 0x000000072a300000, 0x000000072a400000|  0%| F|  |TAMS 0x000000072a300000, 0x000000072a300000| Untracked 
| 148|0x000000072a400000, 0x000000072a400000, 0x000000072a500000|  0%| F|  |TAMS 0x000000072a400000, 0x000000072a400000| Untracked 
| 149|0x000000072a500000, 0x000000072a500000, 0x000000072a600000|  0%| F|  |TAMS 0x000000072a500000, 0x000000072a500000| Untracked 
| 150|0x000000072a600000, 0x000000072a600000, 0x000000072a700000|  0%| F|  |TAMS 0x000000072a600000, 0x000000072a600000| Untracked 
| 151|0x000000072a700000, 0x000000072a700000, 0x000000072a800000|  0%| F|  |TAMS 0x000000072a700000, 0x000000072a700000| Untracked 
| 152|0x000000072a800000, 0x000000072a800000, 0x000000072a900000|  0%| F|  |TAMS 0x000000072a800000, 0x000000072a800000| Untracked 
| 153|0x000000072a900000, 0x000000072a900000, 0x000000072aa00000|  0%| F|  |TAMS 0x000000072a900000, 0x000000072a900000| Untracked 
| 154|0x000000072aa00000, 0x000000072aa00000, 0x000000072ab00000|  0%| F|  |TAMS 0x000000072aa00000, 0x000000072aa00000| Untracked 
| 155|0x000000072ab00000, 0x000000072ab00000, 0x000000072ac00000|  0%| F|  |TAMS 0x000000072ab00000, 0x000000072ab00000| Untracked 
| 156|0x000000072ac00000, 0x000000072ac00000, 0x000000072ad00000|  0%| F|  |TAMS 0x000000072ac00000, 0x000000072ac00000| Untracked 
| 157|0x000000072ad00000, 0x000000072ad00000, 0x000000072ae00000|  0%| F|  |TAMS 0x000000072ad00000, 0x000000072ad00000| Untracked 
| 158|0x000000072ae00000, 0x000000072ae00000, 0x000000072af00000|  0%| F|  |TAMS 0x000000072ae00000, 0x000000072ae00000| Untracked 
| 159|0x000000072af00000, 0x000000072af00000, 0x000000072b000000|  0%| F|  |TAMS 0x000000072af00000, 0x000000072af00000| Untracked 
| 160|0x000000072b000000, 0x000000072b000000, 0x000000072b100000|  0%| F|  |TAMS 0x000000072b000000, 0x000000072b000000| Untracked 
| 161|0x000000072b100000, 0x000000072b100000, 0x000000072b200000|  0%| F|  |TAMS 0x000000072b100000, 0x000000072b100000| Untracked 
| 162|0x000000072b200000, 0x000000072b200000, 0x000000072b300000|  0%| F|  |TAMS 0x000000072b200000, 0x000000072b200000| Untracked 
| 163|0x000000072b300000, 0x000000072b300000, 0x000000072b400000|  0%| F|  |TAMS 0x000000072b300000, 0x000000072b300000| Untracked 
| 164|0x000000072b400000, 0x000000072b400000, 0x000000072b500000|  0%| F|  |TAMS 0x000000072b400000, 0x000000072b400000| Untracked 
| 165|0x000000072b500000, 0x000000072b500000, 0x000000072b600000|  0%| F|  |TAMS 0x000000072b500000, 0x000000072b500000| Untracked 
| 166|0x000000072b600000, 0x000000072b600000, 0x000000072b700000|  0%| F|  |TAMS 0x000000072b600000, 0x000000072b600000| Untracked 
| 167|0x000000072b700000, 0x000000072b700000, 0x000000072b800000|  0%| F|  |TAMS 0x000000072b700000, 0x000000072b700000| Untracked 
| 168|0x000000072b800000, 0x000000072b800000, 0x000000072b900000|  0%| F|  |TAMS 0x000000072b800000, 0x000000072b800000| Untracked 
| 169|0x000000072b900000, 0x000000072b900000, 0x000000072ba00000|  0%| F|  |TAMS 0x000000072b900000, 0x000000072b900000| Untracked 
| 170|0x000000072ba00000, 0x000000072ba00000, 0x000000072bb00000|  0%| F|  |TAMS 0x000000072ba00000, 0x000000072ba00000| Untracked 
| 171|0x000000072bb00000, 0x000000072bb00000, 0x000000072bc00000|  0%| F|  |TAMS 0x000000072bb00000, 0x000000072bb00000| Untracked 
| 172|0x000000072bc00000, 0x000000072bc00000, 0x000000072bd00000|  0%| F|  |TAMS 0x000000072bc00000, 0x000000072bc00000| Untracked 
| 173|0x000000072bd00000, 0x000000072bd00000, 0x000000072be00000|  0%| F|  |TAMS 0x000000072bd00000, 0x000000072bd00000| Untracked 
| 174|0x000000072be00000, 0x000000072be00000, 0x000000072bf00000|  0%| F|  |TAMS 0x000000072be00000, 0x000000072be00000| Untracked 
| 175|0x000000072bf00000, 0x000000072bf00000, 0x000000072c000000|  0%| F|  |TAMS 0x000000072bf00000, 0x000000072bf00000| Untracked 
| 176|0x000000072c000000, 0x000000072c000000, 0x000000072c100000|  0%| F|  |TAMS 0x000000072c000000, 0x000000072c000000| Untracked 
| 177|0x000000072c100000, 0x000000072c100000, 0x000000072c200000|  0%| F|  |TAMS 0x000000072c100000, 0x000000072c100000| Untracked 
| 178|0x000000072c200000, 0x000000072c200000, 0x000000072c300000|  0%| F|  |TAMS 0x000000072c200000, 0x000000072c200000| Untracked 
| 179|0x000000072c300000, 0x000000072c300000, 0x000000072c400000|  0%| F|  |TAMS 0x000000072c300000, 0x000000072c300000| Untracked 
| 180|0x000000072c400000, 0x000000072c400000, 0x000000072c500000|  0%| F|  |TAMS 0x000000072c400000, 0x000000072c400000| Untracked 
| 181|0x000000072c500000, 0x000000072c500000, 0x000000072c600000|  0%| F|  |TAMS 0x000000072c500000, 0x000000072c500000| Untracked 
| 182|0x000000072c600000, 0x000000072c600000, 0x000000072c700000|  0%| F|  |TAMS 0x000000072c600000, 0x000000072c600000| Untracked 
| 183|0x000000072c700000, 0x000000072c700000, 0x000000072c800000|  0%| F|  |TAMS 0x000000072c700000, 0x000000072c700000| Untracked 
| 184|0x000000072c800000, 0x000000072c800000, 0x000000072c900000|  0%| F|  |TAMS 0x000000072c800000, 0x000000072c800000| Untracked 
| 185|0x000000072c900000, 0x000000072c900000, 0x000000072ca00000|  0%| F|  |TAMS 0x000000072c900000, 0x000000072c900000| Untracked 
| 186|0x000000072ca00000, 0x000000072ca00000, 0x000000072cb00000|  0%| F|  |TAMS 0x000000072ca00000, 0x000000072ca00000| Untracked 
| 187|0x000000072cb00000, 0x000000072cb00000, 0x000000072cc00000|  0%| F|  |TAMS 0x000000072cb00000, 0x000000072cb00000| Untracked 
| 188|0x000000072cc00000, 0x000000072cc00000, 0x000000072cd00000|  0%| F|  |TAMS 0x000000072cc00000, 0x000000072cc00000| Untracked 
| 189|0x000000072cd00000, 0x000000072cd00000, 0x000000072ce00000|  0%| F|  |TAMS 0x000000072cd00000, 0x000000072cd00000| Untracked 
| 190|0x000000072ce00000, 0x000000072ce00000, 0x000000072cf00000|  0%| F|  |TAMS 0x000000072ce00000, 0x000000072ce00000| Untracked 
| 191|0x000000072cf00000, 0x000000072cf00000, 0x000000072d000000|  0%| F|  |TAMS 0x000000072cf00000, 0x000000072cf00000| Untracked 
| 192|0x000000072d000000, 0x000000072d000000, 0x000000072d100000|  0%| F|  |TAMS 0x000000072d000000, 0x000000072d000000| Untracked 
| 193|0x000000072d100000, 0x000000072d100000, 0x000000072d200000|  0%| F|  |TAMS 0x000000072d100000, 0x000000072d100000| Untracked 
| 194|0x000000072d200000, 0x000000072d200000, 0x000000072d300000|  0%| F|  |TAMS 0x000000072d200000, 0x000000072d200000| Untracked 
| 195|0x000000072d300000, 0x000000072d300000, 0x000000072d400000|  0%| F|  |TAMS 0x000000072d300000, 0x000000072d300000| Untracked 
| 196|0x000000072d400000, 0x000000072d400000, 0x000000072d500000|  0%| F|  |TAMS 0x000000072d400000, 0x000000072d400000| Untracked 
| 197|0x000000072d500000, 0x000000072d600000, 0x000000072d600000|100%| E|  |TAMS 0x000000072d500000, 0x000000072d500000| Complete 
| 198|0x000000072d600000, 0x000000072d700000, 0x000000072d700000|100%| E|CS|TAMS 0x000000072d600000, 0x000000072d600000| Complete 
| 199|0x000000072d700000, 0x000000072d800000, 0x000000072d800000|100%| E|CS|TAMS 0x000000072d700000, 0x000000072d700000| Complete 
| 200|0x000000072d800000, 0x000000072d900000, 0x000000072d900000|100%| E|CS|TAMS 0x000000072d800000, 0x000000072d800000| Complete 
| 201|0x000000072d900000, 0x000000072da00000, 0x000000072da00000|100%| E|CS|TAMS 0x000000072d900000, 0x000000072d900000| Complete 
| 202|0x000000072da00000, 0x000000072db00000, 0x000000072db00000|100%| E|CS|TAMS 0x000000072da00000, 0x000000072da00000| Complete 
| 203|0x000000072db00000, 0x000000072dc00000, 0x000000072dc00000|100%| E|CS|TAMS 0x000000072db00000, 0x000000072db00000| Complete 
| 204|0x000000072dc00000, 0x000000072dd00000, 0x000000072dd00000|100%| E|CS|TAMS 0x000000072dc00000, 0x000000072dc00000| Complete 
| 205|0x000000072dd00000, 0x000000072de00000, 0x000000072de00000|100%| E|CS|TAMS 0x000000072dd00000, 0x000000072dd00000| Complete 
| 206|0x000000072de00000, 0x000000072df00000, 0x000000072df00000|100%| E|CS|TAMS 0x000000072de00000, 0x000000072de00000| Complete 
| 207|0x000000072df00000, 0x000000072e000000, 0x000000072e000000|100%| E|CS|TAMS 0x000000072df00000, 0x000000072df00000| Complete 
| 208|0x000000072e000000, 0x000000072e077368, 0x000000072e100000| 46%| S|CS|TAMS 0x000000072e000000, 0x000000072e000000| Complete 
| 209|0x000000072e100000, 0x000000072e200000, 0x000000072e200000|100%| S|CS|TAMS 0x000000072e100000, 0x000000072e100000| Complete 
| 210|0x000000072e200000, 0x000000072e300000, 0x000000072e300000|100%| E|CS|TAMS 0x000000072e200000, 0x000000072e200000| Complete 
| 211|0x000000072e300000, 0x000000072e400000, 0x000000072e400000|100%| E|CS|TAMS 0x000000072e300000, 0x000000072e300000| Complete 
| 212|0x000000072e400000, 0x000000072e500000, 0x000000072e500000|100%| E|CS|TAMS 0x000000072e400000, 0x000000072e400000| Complete 
| 213|0x000000072e500000, 0x000000072e600000, 0x000000072e600000|100%| E|CS|TAMS 0x000000072e500000, 0x000000072e500000| Complete 
| 214|0x000000072e600000, 0x000000072e700000, 0x000000072e700000|100%| E|CS|TAMS 0x000000072e600000, 0x000000072e600000| Complete 
| 215|0x000000072e700000, 0x000000072e800000, 0x000000072e800000|100%| E|CS|TAMS 0x000000072e700000, 0x000000072e700000| Complete 
| 216|0x000000072e800000, 0x000000072e900000, 0x000000072e900000|100%| E|CS|TAMS 0x000000072e800000, 0x000000072e800000| Complete 
| 217|0x000000072e900000, 0x000000072ea00000, 0x000000072ea00000|100%| E|CS|TAMS 0x000000072e900000, 0x000000072e900000| Complete 
| 218|0x000000072ea00000, 0x000000072eb00000, 0x000000072eb00000|100%| E|CS|TAMS 0x000000072ea00000, 0x000000072ea00000| Complete 
| 219|0x000000072eb00000, 0x000000072ec00000, 0x000000072ec00000|100%| E|CS|TAMS 0x000000072eb00000, 0x000000072eb00000| Complete 
| 220|0x000000072ec00000, 0x000000072ed00000, 0x000000072ed00000|100%| E|CS|TAMS 0x000000072ec00000, 0x000000072ec00000| Complete 
| 221|0x000000072ed00000, 0x000000072ee00000, 0x000000072ee00000|100%| E|CS|TAMS 0x000000072ed00000, 0x000000072ed00000| Complete 
| 222|0x000000072ee00000, 0x000000072ef00000, 0x000000072ef00000|100%| E|CS|TAMS 0x000000072ee00000, 0x000000072ee00000| Complete 
| 223|0x000000072ef00000, 0x000000072f000000, 0x000000072f000000|100%| E|CS|TAMS 0x000000072ef00000, 0x000000072ef00000| Complete 

Card table byte_map: [0x000002015f310000,0x000002015fa10000] _byte_map_base: 0x000002015ba08000

Marking Bits (Prev, Next): (CMBitMap*) 0x0000020145e10438, (CMBitMap*) 0x0000020145e10470
 Prev Bits: [0x0000020160110000, 0x00000201638d0000)
 Next Bits: [0x00000201638d0000, 0x0000020167090000)

Polling page: 0x0000020143cd0000

Metaspace:

Usage:
  Non-class:     15.16 MB capacity,    14.74 MB ( 97%) used,   352.41 KB (  2%) free+waste,    77.19 KB ( <1%) overhead. 
      Class:      2.45 MB capacity,     2.11 MB ( 86%) used,   303.70 KB ( 12%) free+waste,    41.00 KB (  2%) overhead. 
       Both:     17.61 MB capacity,    16.86 MB ( 96%) used,   656.10 KB (  4%) free+waste,   118.19 KB ( <1%) overhead. 

Virtual space:
  Non-class space:       16.00 MB reserved,      15.25 MB ( 95%) committed 
      Class space:        1.00 GB reserved,       2.50 MB ( <1%) committed 
             Both:        1.02 GB reserved,      17.75 MB (  2%) committed 

Chunk freelists:
   Non-Class:  25.00 KB
       Class:  0 bytes
        Both:  25.00 KB

MaxMetaspaceSize: 17179869184.00 GB
CompressedClassSpaceSize: 1.00 GB
Initial GC threshold: 20.80 MB
Current GC threshold: 20.80 MB
CDS: on

CodeHeap 'non-profiled nmethods': size=120064Kb used=1191Kb max_used=1191Kb free=118872Kb
 bounds [0x00000201576d0000, 0x0000020157940000, 0x000002015ec10000]
CodeHeap 'profiled nmethods': size=120000Kb used=5252Kb max_used=5252Kb free=114747Kb
 bounds [0x00000201501a0000, 0x00000201506d0000, 0x00000201576d0000]
CodeHeap 'non-nmethods': size=5696Kb used=1449Kb max_used=1535Kb free=4246Kb
 bounds [0x000002014fc10000, 0x000002014fe80000, 0x00000201501a0000]
 total_blobs=3567 nmethods=2778 adapters=701
 compilation: enabled
              stopped_count=0, restarted_count=0
 full_count=0

Compilation events (20 events):
Event: 4.949 Thread 0x0000020169def800 2770       4       java.lang.StringBuilder::append (8 bytes)
Event: 4.949 Thread 0x0000020169df3800 2771       3       java.nio.ByteBuffer::arrayOffset (35 bytes)
Event: 4.950 Thread 0x0000020169df3800 nmethod 2771 0x00000201506bef10 code [0x00000201506bf0e0, 0x00000201506bf3d8]
Event: 4.950 Thread 0x0000020169df3800 2772       3       java.nio.charset.CoderResult::isUnderflow (13 bytes)
Event: 4.950 Thread 0x0000020169df3800 nmethod 2772 0x00000201506bf510 code [0x00000201506bf6c0, 0x00000201506bf838]
Event: 4.950 Thread 0x0000020169df3800 2773       3       java.nio.CharBuffer::arrayOffset (35 bytes)
Event: 4.950 Thread 0x0000020169df3800 nmethod 2773 0x00000201506bf910 code [0x00000201506bfae0, 0x00000201506bfdd8]
Event: 4.950 Thread 0x0000020169df3800 2774       3       java.nio.ByteBuffer::array (35 bytes)
Event: 4.950 Thread 0x0000020169df3800 nmethod 2774 0x00000201506bff10 code [0x00000201506c00e0, 0x00000201506c03d8]
Event: 4.950 Thread 0x0000020169df3800 2775       3       java.io.BufferedWriter::ensureOpen (18 bytes)
Event: 4.950 Thread 0x0000020169df3800 nmethod 2775 0x00000201506c0510 code [0x00000201506c06e0, 0x00000201506c0908]
Event: 4.955 Thread 0x0000020169def800 nmethod 2770 0x00000201577f8c10 code [0x00000201577f8dc0, 0x00000201577f9408]
Event: 4.958 Thread 0x0000020169df3800 2776       3       java.lang.invoke.Invokers$Holder::linkToTargetMethod (10 bytes)
Event: 4.958 Thread 0x0000020169df3800 nmethod 2776 0x00000201506c0a10 code [0x00000201506c0be0, 0x00000201506c0e78]
Event: 4.958 Thread 0x0000020169df3800 2777       1       com.sun.javafx.sg.prism.NGCamera::getViewWidth (5 bytes)
Event: 4.958 Thread 0x0000020169df3800 nmethod 2777 0x00000201577f9790 code [0x00000201577f9940, 0x00000201577f9a18]
Event: 4.958 Thread 0x0000020169df3800 2779       3       java.lang.ref.Reference::clear (6 bytes)
Event: 4.958 Thread 0x0000020169df3800 nmethod 2779 0x00000201506c0f90 code [0x00000201506c1140, 0x00000201506c1298]
Event: 4.958 Thread 0x0000020169df3800 2778       1       com.sun.javafx.sg.prism.NGCamera::getViewHeight (5 bytes)
Event: 4.958 Thread 0x0000020169df3800 nmethod 2778 0x00000201577f9a90 code [0x00000201577f9c40, 0x00000201577f9d18]

GC Heap History (2 events):
Event: 0.466 GC heap before
{Heap before GC invocations=0 (full 0):
 garbage-first heap   total 229376K, used 14336K [0x0000000721000000, 0x0000000800000000)
  region size 1024K, 14 young (14336K), 0 survivors (0K)
 Metaspace       used 3174K, capacity 5879K, committed 6144K, reserved 1056768K
  class space    used 354K, capacity 670K, committed 768K, reserved 1048576K
}
Event: 0.472 GC heap after
{Heap after GC invocations=1 (full 0):
 garbage-first heap   total 229376K, used 1500K [0x0000000721000000, 0x0000000800000000)
  region size 1024K, 2 young (2048K), 2 survivors (2048K)
 Metaspace       used 3174K, capacity 5879K, committed 6144K, reserved 1056768K
  class space    used 354K, capacity 670K, committed 768K, reserved 1048576K
}

Deoptimization events (20 events):
Event: 2.526 Thread 0x000002016b247000 Uncommon trap: trap_request=0xffffffde fr.pc=0x00000201577d20ac relative=0x000000000000032c
Event: 2.526 Thread 0x000002016b247000 Uncommon trap: reason=class_check action=maybe_recompile pc=0x00000201577d20ac method=javafx.scene.Node.getLocalBounds(Lcom/sun/javafx/geom/BaseBounds;Lcom/sun/javafx/geom/transform/BaseTransform;)Lcom/sun/javafx/geom/BaseBounds; @ 22 c2
Event: 2.526 Thread 0x000002016b247000 DEOPT PACKING pc=0x00000201577d20ac sp=0x0000009f5f1fcb70
Event: 2.526 Thread 0x000002016b247000 DEOPT UNPACKING pc=0x000002014fc5a1af sp=0x0000009f5f1fcaf0 mode 2
Event: 2.526 Thread 0x000002016b247000 Uncommon trap: trap_request=0xffffffde fr.pc=0x00000201577d20ac relative=0x000000000000032c
Event: 2.526 Thread 0x000002016b247000 Uncommon trap: reason=class_check action=maybe_recompile pc=0x00000201577d20ac method=javafx.scene.Node.getLocalBounds(Lcom/sun/javafx/geom/BaseBounds;Lcom/sun/javafx/geom/transform/BaseTransform;)Lcom/sun/javafx/geom/BaseBounds; @ 22 c2
Event: 2.526 Thread 0x000002016b247000 DEOPT PACKING pc=0x00000201577d20ac sp=0x0000009f5f1fcb70
Event: 2.526 Thread 0x000002016b247000 DEOPT UNPACKING pc=0x000002014fc5a1af sp=0x0000009f5f1fcaf0 mode 2
Event: 2.526 Thread 0x000002016b247000 Uncommon trap: trap_request=0xffffff4d fr.pc=0x00000201577d210c relative=0x000000000000038c
Event: 2.526 Thread 0x000002016b247000 Uncommon trap: reason=unstable_if action=reinterpret pc=0x00000201577d210c method=javafx.scene.Node.updateGeomBounds()V @ 4 c2
Event: 2.526 Thread 0x000002016b247000 DEOPT PACKING pc=0x00000201577d210c sp=0x0000009f5f1fcbe0
Event: 2.526 Thread 0x000002016b247000 DEOPT UNPACKING pc=0x000002014fc5a1af sp=0x0000009f5f1fca60 mode 2
Event: 2.603 Thread 0x000002016b247000 Uncommon trap: trap_request=0xffffff4d fr.pc=0x00000201577cd288 relative=0x0000000000000068
Event: 2.603 Thread 0x000002016b247000 Uncommon trap: reason=unstable_if action=reinterpret pc=0x00000201577cd288 method=javafx.scene.Node.updateLocalToParentTransform()V @ 4 c2
Event: 2.603 Thread 0x000002016b247000 DEOPT PACKING pc=0x00000201577cd288 sp=0x0000009f5f1fa4d0
Event: 2.603 Thread 0x000002016b247000 DEOPT UNPACKING pc=0x000002014fc5a1af sp=0x0000009f5f1fa428 mode 2
Event: 2.610 Thread 0x000002016b247000 Uncommon trap: trap_request=0xffffff4d fr.pc=0x00000201577d16e0 relative=0x00000000000000c0
Event: 2.610 Thread 0x000002016b247000 Uncommon trap: reason=unstable_if action=reinterpret pc=0x00000201577d16e0 method=com.sun.javafx.geom.RectBounds.deriveWithNewBounds(Lcom/sun/javafx/geom/BaseBounds;)Lcom/sun/javafx/geom/BaseBounds; @ 4 c2
Event: 2.610 Thread 0x000002016b247000 DEOPT PACKING pc=0x00000201577d16e0 sp=0x0000009f5f1fa5d0
Event: 2.610 Thread 0x000002016b247000 DEOPT UNPACKING pc=0x000002014fc5a1af sp=0x0000009f5f1fa568 mode 2

Classes redefined (0 events):
No events

Internal exceptions (20 events):
Event: 0.760 Thread 0x000002016b247000 Exception <a 'java/lang/ClassNotFoundException'{0x000000072e9992b8}: com/sun/glass/ui/win/themes_es_ES> (0x000000072e9992b8) thrown at [s\src\hotspot\share\prims\jni.cpp, line 638]
Event: 0.827 Thread 0x000002016b247000 Exception <a 'java/lang/NoSuchMethodError'{0x000000072e63a790}: 'void java.lang.invoke.DirectMethodHandle$Holder.invokeStaticInit(java.lang.Object, java.lang.Object)'> (0x000000072e63a790) thrown at [s\src\hotspot\share\interpreter\linkResolver.cpp, line 773]
Event: 0.913 Thread 0x000002016b247000 Implicit null exception at 0x00000201576fe907 to 0x00000201576feea4
Event: 0.913 Thread 0x000002016b247000 Implicit null exception at 0x00000201576f9804 to 0x00000201576f9d74
Event: 0.956 Thread 0x000002016ac73000 Exception <a 'java/lang/NoSuchMethodError'{0x000000072e3d0078}: 'java.lang.Object java.lang.invoke.Invokers$Holder.linkToTargetMethod(java.lang.Object, int, java.lang.Object)'> (0x000000072e3d0078) thrown at [s\src\hotspot\share\interpreter\linkResolver.cpp, line 773]
Event: 1.035 Thread 0x000002016b247000 Exception <a 'sun/nio/fs/WindowsException'{0x000000072e3777d0}> (0x000000072e3777d0) thrown at [s\src\hotspot\share\prims\jni.cpp, line 617]
Event: 1.038 Thread 0x000002016b247000 Exception <a 'java/io/FileNotFoundException'{0x000000072e3800f8}> (0x000000072e3800f8) thrown at [s\src\hotspot\share\prims\jni.cpp, line 617]
Event: 1.052 Thread 0x0000020169de5000 Exception <a 'sun/nio/fs/WindowsException'{0x000000072defea98}> (0x000000072defea98) thrown at [s\src\hotspot\share\prims\jni.cpp, line 617]
Event: 1.084 Thread 0x000002016b247000 Exception <a 'java/io/FileNotFoundException'{0x000000072dc294a8}> (0x000000072dc294a8) thrown at [s\src\hotspot\share\prims\jni.cpp, line 617]
Event: 1.095 Thread 0x000002016b247000 Implicit null exception at 0x0000020157755b05 to 0x0000020157755ce0
Event: 1.228 Thread 0x000002016b247000 Exception <a 'java/lang/NoSuchMethodError'{0x000000072dbeb758}: 'java.lang.Object java.lang.invoke.DirectMethodHandle$Holder.invokeInterface(java.lang.Object, java.lang.Object, java.lang.Object)'> (0x000000072dbeb758) thrown at [s\src\hotspot\share\interpreter\linkResolver.cpp, line 773]
Event: 1.228 Thread 0x000002016b247000 Exception <a 'java/lang/IncompatibleClassChangeError'{0x000000072dbee6e0}: Found class java.lang.Object, but interface was expected> (0x000000072dbee6e0) thrown at [s\src\hotspot\share\interpreter\linkResolver.cpp, line 839]
Event: 1.321 Thread 0x000002016b247000 Exception <a 'java/lang/NoSuchMethodError'{0x000000072d974568}: 'void java.lang.invoke.DirectMethodHandle$Holder.invokeSpecial(java.lang.Object, java.lang.Object, double)'> (0x000000072d974568) thrown at [s\src\hotspot\share\interpreter\linkResolver.cpp, line 773]
Event: 1.322 Thread 0x000002016b247000 Exception <a 'java/lang/NoSuchMethodError'{0x000000072d97a360}: 'java.lang.Object java.lang.invoke.DirectMethodHandle$Holder.invokeStatic(java.lang.Object, java.lang.Object, double)'> (0x000000072d97a360) thrown at [s\src\hotspot\share\interpreter\linkResolver.cpp, line 773]
Event: 1.349 Thread 0x000002016aaf4800 Exception <a 'java/lang/NoSuchMethodError'{0x000000072ef68e58}: 'int java.lang.invoke.DirectMethodHandle$Holder.invokeStaticInit(java.lang.Object, java.lang.Object)'> (0x000000072ef68e58) thrown at [s\src\hotspot\share\interpreter\linkResolver.cpp, line 773]
Event: 1.384 Thread 0x000002016aaf4800 Exception <a 'java/lang/NoSuchMethodError'{0x000000072d82b8e0}: 'java.lang.Object java.lang.invoke.DirectMethodHandle$Holder.invokeStaticInit(java.lang.Object, int)'> (0x000000072d82b8e0) thrown at [s\src\hotspot\share\interpreter\linkResolver.cpp, line 773]
Event: 2.522 Thread 0x000002016b247000 Exception <a 'java/lang/NoSuchMethodError'{0x000000072d7a9b00}: 'long java.lang.invoke.DirectMethodHandle$Holder.invokeStaticInit(java.lang.Object, java.lang.Object, java.lang.Object)'> (0x000000072d7a9b00) thrown at [s\src\hotspot\share\interpreter\linkResolver.cpp, line 773]
Event: 2.524 Thread 0x000002016b247000 Exception <a 'java/lang/NoSuchMethodError'{0x000000072d7c2148}: 'java.lang.Object java.lang.invoke.DirectMethodHandle$Holder.invokeStatic(java.lang.Object, java.lang.Object, long)'> (0x000000072d7c2148) thrown at [s\src\hotspot\share\interpreter\linkResolver.cpp, line 773]
Event: 2.525 Thread 0x000002016b247000 Exception <a 'java/lang/NoSuchMethodError'{0x000000072d7c82c0}: 'java.lang.Object java.lang.invoke.Invokers$Holder.linkToTargetMethod(java.lang.Object, long, java.lang.Object)'> (0x000000072d7c82c0) thrown at [s\src\hotspot\share\interpreter\linkResolver.cpp, line 773]
Event: 4.948 Thread 0x000002016b247000 Exception <a 'java/lang/IllegalArgumentException'{0x000000072d56fd00}> (0x000000072d56fd00) thrown at [s\src\hotspot\share\prims\jvm.cpp, line 1310]

Events (20 events):
Event: 4.532 Loaded shared library C:\Users\PRUDEN\.jdks\liberica-full-11.0.25\bin\prism_d3d.dll
Event: 4.537 Loaded shared library C:\Users\PRUDEN\.jdks\liberica-full-11.0.25\bin\prism_d3d.dll
Event: 4.922 loading class javafx/application/Application
Event: 4.922 loading class javafx/application/Application done
Event: 4.922 loading class javafx/application/Application
Event: 4.922 loading class javafx/application/Application done
Event: 4.924 Executing VM operation: RevokeBias
Event: 4.924 Executing VM operation: RevokeBias done
Event: 4.924 Thread 0x0000020171894800 Thread exited: 0x0000020171894800
Event: 4.924 Executing VM operation: RevokeBias
Event: 4.924 Executing VM operation: RevokeBias done
Event: 4.924 Thread 0x000002016b0e6800 Thread exited: 0x000002016b0e6800
Event: 4.931 Executing VM operation: RevokeBias
Event: 4.931 Executing VM operation: RevokeBias done
Event: 4.949 loading class java/lang/Throwable$WrappedPrintStream
Event: 4.949 loading class java/lang/Throwable$PrintStreamOrWriter
Event: 4.949 loading class java/lang/Throwable$PrintStreamOrWriter done
Event: 4.949 loading class java/lang/Throwable$WrappedPrintStream done
Event: 4.949 loading class java/lang/StackTraceElement$HashedModules
Event: 4.949 loading class java/lang/StackTraceElement$HashedModules done


Dynamic libraries:
0x00007ff7f9660000 - 0x00007ff7f966e000 	C:\Users\PRUDEN\.jdks\liberica-full-11.0.25\bin\java.exe
0x00007fffce960000 - 0x00007fffceb4d000 	C:\Windows\SYSTEM32\ntdll.dll
0x00007fffc2de0000 - 0x00007fffc2dfa000 	C:\Program Files\Avast Software\Avast\aswhook.dll
0x00007fffcbf10000 - 0x00007fffcbfc3000 	C:\Windows\System32\KERNEL32.DLL
0x00007fffcab90000 - 0x00007fffcae24000 	C:\Windows\System32\KERNELBASE.dll
0x00007fffcb8d0000 - 0x00007fffcb9ca000 	C:\Windows\System32\ucrtbase.dll
0x00007fffb80a0000 - 0x00007fffb80bb000 	C:\Users\PRUDEN\.jdks\liberica-full-11.0.25\bin\VCRUNTIME140.dll
0x00007fffba9f0000 - 0x00007fffbaa07000 	C:\Users\PRUDEN\.jdks\liberica-full-11.0.25\bin\jli.dll
0x00007fffbf910000 - 0x00007fffbfb89000 	C:\Windows\WinSxS\amd64_microsoft.windows.common-controls_6595b64144ccf1df_6.0.17763.1457_none_de7243e4534a70d1\COMCTL32.dll
0x00007fffcbdd0000 - 0x00007fffcbe6e000 	C:\Windows\System32\msvcrt.dll
0x00007fffcc290000 - 0x00007fffcc5bd000 	C:\Windows\System32\combase.dll
0x00007fffcdcd0000 - 0x00007fffcddf2000 	C:\Windows\System32\RPCRT4.dll
0x00007fffcaa60000 - 0x00007fffcaade000 	C:\Windows\System32\bcryptPrimitives.dll
0x00007fffcdc90000 - 0x00007fffcdcb9000 	C:\Windows\System32\GDI32.dll
0x00007fffcae30000 - 0x00007fffcafcc000 	C:\Windows\System32\gdi32full.dll
0x00007fffcafd0000 - 0x00007fffcb070000 	C:\Windows\System32\msvcp_win.dll
0x00007fffce0b0000 - 0x00007fffce247000 	C:\Windows\System32\USER32.dll
0x0000020143c70000 - 0x0000020143c90000 	C:\Windows\System32\win32u.dll
0x00007fffcbee0000 - 0x00007fffcbf0e000 	C:\Windows\System32\IMM32.DLL
0x00007fffb3fd0000 - 0x00007fffb3fdc000 	C:\Users\PRUDEN\.jdks\liberica-full-11.0.25\bin\vcruntime140_1.dll
0x00007fffa9410000 - 0x00007fffa949e000 	C:\Users\PRUDEN\.jdks\liberica-full-11.0.25\bin\msvcp140.dll
0x00007fff729d0000 - 0x00007fff73594000 	C:\Users\PRUDEN\.jdks\liberica-full-11.0.25\bin\server\jvm.dll
0x00007fffcdad0000 - 0x00007fffcdb73000 	C:\Windows\System32\ADVAPI32.dll
0x00007fffcde00000 - 0x00007fffcde9e000 	C:\Windows\System32\sechost.dll
0x00007fffcbe70000 - 0x00007fffcbedd000 	C:\Windows\System32\WS2_32.dll
0x00007fffce0a0000 - 0x00007fffce0a8000 	C:\Windows\System32\PSAPI.DLL
0x00007fffc8af0000 - 0x00007fffc8b14000 	C:\Windows\SYSTEM32\WINMM.dll
0x00007fffc5e40000 - 0x00007fffc5e4a000 	C:\Windows\SYSTEM32\VERSION.dll
0x00007fffc8a90000 - 0x00007fffc8abd000 	C:\Windows\SYSTEM32\WINMMBASE.dll
0x00007fffcb850000 - 0x00007fffcb89a000 	C:\Windows\System32\cfgmgr32.dll
0x00007fffca970000 - 0x00007fffca981000 	C:\Windows\System32\kernel.appcore.dll
0x00007fffb3460000 - 0x00007fffb3470000 	C:\Users\PRUDEN\.jdks\liberica-full-11.0.25\bin\verify.dll
0x00007fffc4a50000 - 0x00007fffc4c3d000 	C:\Windows\SYSTEM32\DBGHELP.DLL
0x00007fffc3980000 - 0x00007fffc39aa000 	C:\Windows\SYSTEM32\dbgcore.DLL
0x00007fffb3430000 - 0x00007fffb3458000 	C:\Users\PRUDEN\.jdks\liberica-full-11.0.25\bin\java.dll
0x00007fffb32c0000 - 0x00007fffb32ca000 	C:\Users\PRUDEN\.jdks\liberica-full-11.0.25\bin\jimage.dll
0x00007fffb3230000 - 0x00007fffb323e000 	C:\Users\PRUDEN\.jdks\liberica-full-11.0.25\bin\instrument.dll
0x00007fffb32a0000 - 0x00007fffb32b8000 	C:\Users\PRUDEN\.jdks\liberica-full-11.0.25\bin\zip.dll
0x00007fffcc5c0000 - 0x00007fffcdab9000 	C:\Windows\System32\SHELL32.dll
0x00007fffcbfd0000 - 0x00007fffcc079000 	C:\Windows\System32\shcore.dll
0x00007fffcb070000 - 0x00007fffcb7c2000 	C:\Windows\System32\windows.storage.dll
0x00007fffcaa10000 - 0x00007fffcaa34000 	C:\Windows\System32\profapi.dll
0x00007fffca990000 - 0x00007fffca9ed000 	C:\Windows\System32\powrprof.dll
0x00007fffce250000 - 0x00007fffce2a2000 	C:\Windows\System32\shlwapi.dll
0x00007fffcaa40000 - 0x00007fffcaa57000 	C:\Windows\System32\cryptsp.dll
0x00007fffb3280000 - 0x00007fffb3299000 	C:\Users\PRUDEN\.jdks\liberica-full-11.0.25\bin\net.dll
0x00007fffc69f0000 - 0x00007fffc6ae2000 	C:\Windows\SYSTEM32\WINHTTP.dll
0x00007fffca170000 - 0x00007fffca1d7000 	C:\Windows\system32\mswsock.dll
0x00007fffb31f0000 - 0x00007fffb3203000 	C:\Users\PRUDEN\.jdks\liberica-full-11.0.25\bin\nio.dll
0x00007fffb3210000 - 0x00007fffb322a000 	D:\Programación\IntelliJ IDEA 2023.2.2\bin\breakgen64.dll
0x0000020145d70000 - 0x0000020145d74000 	C:\Users\PRUDEN\.jdks\liberica-full-11.0.25\bin\api-ms-win-core-console-l1-1-0.dll
0x000002016bab0000 - 0x000002016bab4000 	C:\Users\PRUDEN\.jdks\liberica-full-11.0.25\bin\api-ms-win-core-console-l1-2-0.dll
0x000002016bac0000 - 0x000002016bac4000 	C:\Users\PRUDEN\.jdks\liberica-full-11.0.25\bin\api-ms-win-core-datetime-l1-1-0.dll
0x000002016bad0000 - 0x000002016bad4000 	C:\Users\PRUDEN\.jdks\liberica-full-11.0.25\bin\api-ms-win-core-debug-l1-1-0.dll
0x000002016bae0000 - 0x000002016bae4000 	C:\Users\PRUDEN\.jdks\liberica-full-11.0.25\bin\api-ms-win-core-errorhandling-l1-1-0.dll
0x000002016baf0000 - 0x000002016baf5000 	C:\Users\PRUDEN\.jdks\liberica-full-11.0.25\bin\api-ms-win-core-file-l1-1-0.dll
0x000002016bb00000 - 0x000002016bb04000 	C:\Users\PRUDEN\.jdks\liberica-full-11.0.25\bin\api-ms-win-core-file-l1-2-0.dll
0x000002016bb10000 - 0x000002016bb14000 	C:\Users\PRUDEN\.jdks\liberica-full-11.0.25\bin\api-ms-win-core-file-l2-1-0.dll
0x000002016bb20000 - 0x000002016bb24000 	C:\Users\PRUDEN\.jdks\liberica-full-11.0.25\bin\api-ms-win-core-handle-l1-1-0.dll
0x000002016bd70000 - 0x000002016bd74000 	C:\Users\PRUDEN\.jdks\liberica-full-11.0.25\bin\api-ms-win-core-heap-l1-1-0.dll
0x000002016bd80000 - 0x000002016bd84000 	C:\Users\PRUDEN\.jdks\liberica-full-11.0.25\bin\api-ms-win-core-interlocked-l1-1-0.dll
0x000002016bd90000 - 0x000002016bd94000 	C:\Users\PRUDEN\.jdks\liberica-full-11.0.25\bin\api-ms-win-core-libraryloader-l1-1-0.dll
0x000002016bda0000 - 0x000002016bda4000 	C:\Users\PRUDEN\.jdks\liberica-full-11.0.25\bin\api-ms-win-core-localization-l1-2-0.dll
0x000002016bdb0000 - 0x000002016bdb4000 	C:\Users\PRUDEN\.jdks\liberica-full-11.0.25\bin\api-ms-win-core-memory-l1-1-0.dll
0x000002016bdc0000 - 0x000002016bdc4000 	C:\Users\PRUDEN\.jdks\liberica-full-11.0.25\bin\api-ms-win-core-namedpipe-l1-1-0.dll
0x000002016bdd0000 - 0x000002016bdd4000 	C:\Users\PRUDEN\.jdks\liberica-full-11.0.25\bin\api-ms-win-core-processenvironment-l1-1-0.dll
0x000002016bde0000 - 0x000002016bde4000 	C:\Users\PRUDEN\.jdks\liberica-full-11.0.25\bin\api-ms-win-core-processthreads-l1-1-0.dll
0x000002016bdf0000 - 0x000002016bdf4000 	C:\Users\PRUDEN\.jdks\liberica-full-11.0.25\bin\api-ms-win-core-processthreads-l1-1-1.dll
0x000002016be00000 - 0x000002016be04000 	C:\Users\PRUDEN\.jdks\liberica-full-11.0.25\bin\api-ms-win-core-profile-l1-1-0.dll
0x000002016be10000 - 0x000002016be14000 	C:\Users\PRUDEN\.jdks\liberica-full-11.0.25\bin\api-ms-win-core-rtlsupport-l1-1-0.dll
0x000002016be20000 - 0x000002016be24000 	C:\Users\PRUDEN\.jdks\liberica-full-11.0.25\bin\api-ms-win-core-string-l1-1-0.dll
0x000002016be30000 - 0x000002016be34000 	C:\Users\PRUDEN\.jdks\liberica-full-11.0.25\bin\api-ms-win-core-synch-l1-1-0.dll
0x000002016be40000 - 0x000002016be44000 	C:\Users\PRUDEN\.jdks\liberica-full-11.0.25\bin\api-ms-win-core-synch-l1-2-0.dll
0x000002016be50000 - 0x000002016be54000 	C:\Users\PRUDEN\.jdks\liberica-full-11.0.25\bin\api-ms-win-core-sysinfo-l1-1-0.dll
0x000002016be60000 - 0x000002016be64000 	C:\Users\PRUDEN\.jdks\liberica-full-11.0.25\bin\api-ms-win-core-timezone-l1-1-0.dll
0x000002016be70000 - 0x000002016be74000 	C:\Users\PRUDEN\.jdks\liberica-full-11.0.25\bin\api-ms-win-core-util-l1-1-0.dll
0x000002016be80000 - 0x000002016be84000 	C:\Users\PRUDEN\.jdks\liberica-full-11.0.25\bin\api-ms-win-crt-conio-l1-1-0.dll
0x000002016be90000 - 0x000002016be95000 	C:\Users\PRUDEN\.jdks\liberica-full-11.0.25\bin\api-ms-win-crt-convert-l1-1-0.dll
0x000002016bea0000 - 0x000002016bea4000 	C:\Users\PRUDEN\.jdks\liberica-full-11.0.25\bin\api-ms-win-crt-environment-l1-1-0.dll
0x000002016beb0000 - 0x000002016beb4000 	C:\Users\PRUDEN\.jdks\liberica-full-11.0.25\bin\api-ms-win-crt-filesystem-l1-1-0.dll
0x000002016bec0000 - 0x000002016bec4000 	C:\Users\PRUDEN\.jdks\liberica-full-11.0.25\bin\api-ms-win-crt-heap-l1-1-0.dll
0x000002016bed0000 - 0x000002016bed4000 	C:\Users\PRUDEN\.jdks\liberica-full-11.0.25\bin\api-ms-win-crt-locale-l1-1-0.dll
0x000002016bee0000 - 0x000002016bee6000 	C:\Users\PRUDEN\.jdks\liberica-full-11.0.25\bin\api-ms-win-crt-math-l1-1-0.dll
0x000002016bef0000 - 0x000002016bef6000 	C:\Users\PRUDEN\.jdks\liberica-full-11.0.25\bin\api-ms-win-crt-multibyte-l1-1-0.dll
0x000002016bf00000 - 0x000002016bf11000 	C:\Users\PRUDEN\.jdks\liberica-full-11.0.25\bin\api-ms-win-crt-private-l1-1-0.dll
0x000002016bf20000 - 0x000002016bf24000 	C:\Users\PRUDEN\.jdks\liberica-full-11.0.25\bin\api-ms-win-crt-process-l1-1-0.dll
0x000002016bf30000 - 0x000002016bf35000 	C:\Users\PRUDEN\.jdks\liberica-full-11.0.25\bin\api-ms-win-crt-runtime-l1-1-0.dll
0x000002016bf40000 - 0x000002016bf45000 	C:\Users\PRUDEN\.jdks\liberica-full-11.0.25\bin\api-ms-win-crt-stdio-l1-1-0.dll
0x000002016bf50000 - 0x000002016bf55000 	C:\Users\PRUDEN\.jdks\liberica-full-11.0.25\bin\api-ms-win-crt-string-l1-1-0.dll
0x000002016bf60000 - 0x000002016bf64000 	C:\Users\PRUDEN\.jdks\liberica-full-11.0.25\bin\api-ms-win-crt-time-l1-1-0.dll
0x000002016bf70000 - 0x000002016bf74000 	C:\Users\PRUDEN\.jdks\liberica-full-11.0.25\bin\api-ms-win-crt-utility-l1-1-0.dll
0x00007fff9e320000 - 0x00007fff9e431000 	C:\Users\PRUDEN\.jdks\liberica-full-11.0.25\bin\ucrtbase.dll
0x00007fffb03c0000 - 0x00007fffb03c9000 	C:\Users\PRUDEN\.jdks\liberica-full-11.0.25\bin\msvcp140_1.dll
0x00007fffa9550000 - 0x00007fffa9580000 	C:\Users\PRUDEN\.jdks\liberica-full-11.0.25\bin\msvcp140_2.dll
0x00007fffa7e30000 - 0x00007fffa7e7e000 	C:\Users\PRUDEN\.jdks\liberica-full-11.0.25\bin\concrt140.dll
0x00007fffa7e00000 - 0x00007fffa7e23000 	C:\Users\PRUDEN\.jdks\liberica-full-11.0.25\bin\prism_d3d.dll
0x00007fff9db90000 - 0x00007fff9dd2e000 	C:\Windows\system32\d3d9.dll
0x00007fffc9200000 - 0x00007fffc922e000 	C:\Windows\SYSTEM32\dwmapi.dll
0x00007fffcb9d0000 - 0x00007fffcbbac000 	C:\Windows\System32\CRYPT32.dll
0x00007fffca9f0000 - 0x00007fffcaa02000 	C:\Windows\System32\MSASN1.dll
0x00007fffc8f10000 - 0x00007fffc8fac000 	C:\Windows\system32\uxtheme.dll
0x00007fffc4c90000 - 0x00007fffc4e6c000 	C:\Windows\System32\DriverStore\FileRepository\u0339625.inf_amd64_4736d6e5c5174cc0\B338893\aticfx64.dll
0x00007fffa70e0000 - 0x00007fffa7111000 	C:\Windows\System32\DriverStore\FileRepository\u0339625.inf_amd64_4736d6e5c5174cc0\B338893\atiu9p64.dll
0x00007fff63fe0000 - 0x00007fff64d26000 	C:\Windows\System32\DriverStore\FileRepository\u0339625.inf_amd64_4736d6e5c5174cc0\B338893\atiumd64.dll
0x00007fffcbbb0000 - 0x00007fffcbd06000 	C:\Windows\System32\ole32.dll
0x0000000072940000 - 0x0000000073638000 	C:\Windows\System32\DriverStore\FileRepository\u0339625.inf_amd64_4736d6e5c5174cc0\B338893\atiumd6a.dll
0x00007fffa6c10000 - 0x00007fffa6c52000 	C:\Users\PRUDEN\.jdks\liberica-full-11.0.25\bin\glass.dll
0x00007fffcdea0000 - 0x00007fffcdfc7000 	C:\Windows\System32\COMDLG32.dll
0x00007fffcdfd0000 - 0x00007fffce094000 	C:\Windows\System32\OLEAUT32.dll
0x00007fffcc0a0000 - 0x00007fffcc20b000 	C:\Windows\System32\MSCTF.dll
0x00007fffb0090000 - 0x00007fffb00a4000 	C:\Users\PRUDEN\.jdks\liberica-full-11.0.25\bin\javafx_font.dll
0x00007fffc0890000 - 0x00007fffc0b8c000 	C:\Windows\SYSTEM32\dwrite.dll
0x00007fff9f860000 - 0x00007fff9f902000 	C:\Users\PRUDEN\.jdks\liberica-full-11.0.25\bin\glib-lite.dll
0x00007fff9e220000 - 0x00007fff9e31b000 	C:\Users\PRUDEN\.jdks\liberica-full-11.0.25\bin\gstreamer-lite.dll
0x00007fff9ef60000 - 0x00007fff9eff6000 	C:\Windows\SYSTEM32\DSOUND.dll
0x00007fffa6be0000 - 0x00007fffa6c03000 	C:\Users\PRUDEN\.jdks\liberica-full-11.0.25\bin\jfxmedia.dll
0x00007fffa6b50000 - 0x00007fffa6b72000 	C:\Users\PRUDEN\.jdks\liberica-full-11.0.25\bin\fxplugins.dll
0x00007fffcdb80000 - 0x00007fffcdc22000 	C:\Windows\System32\clbcatq.dll
0x00007fffc36f0000 - 0x00007fffc3760000 	C:\Windows\System32\MMDevApi.dll
0x00007fffca710000 - 0x00007fffca739000 	C:\Windows\System32\DEVOBJ.dll
0x00007fffc7110000 - 0x00007fffc72b9000 	C:\Windows\System32\PROPSYS.dll
0x00007fffb7410000 - 0x00007fffb7558000 	C:\Windows\SYSTEM32\AUDIOSES.DLL
0x00007fffc6550000 - 0x00007fffc655a000 	C:\Windows\SYSTEM32\AVRT.dll
0x00007fffc63a0000 - 0x00007fffc64f3000 	C:\Windows\SYSTEM32\wintypes.dll
0x00007fffc9260000 - 0x00007fffc9274000 	C:\Windows\SYSTEM32\resourcepolicyclient.dll
0x00007fffca340000 - 0x00007fffca34c000 	C:\Windows\SYSTEM32\CRYPTBASE.DLL
0x00007fffa6b20000 - 0x00007fffa6b4a000 	C:\Windows\System32\qasf.dll
0x00007fff86370000 - 0x00007fff865c2000 	C:\Windows\System32\WMVCore.DLL

dbghelp: loaded successfully - version: 4.0.5 - missing functions: none
symbol engine: initialized successfully - sym options: 0x614 - pdb path: .;C:\Users\PRUDEN\.jdks\liberica-full-11.0.25\bin;C:\Windows\SYSTEM32;C:\Program Files\Avast Software\Avast;C:\Windows\WinSxS\amd64_microsoft.windows.common-controls_6595b64144ccf1df_6.0.17763.1457_none_de7243e4534a70d1;C:\Users\PRUDEN\.jdks\liberica-full-11.0.25\bin\server;D:\Programación\IntelliJ IDEA 2023.2.2\bin;C:\Windows\System32\DriverStore\FileRepository\u0339625.inf_amd64_4736d6e5c5174cc0\B338893;C:\Program Files\Common Files\Microsoft Shared\Ink

VM Arguments:
jvm_args: -javaagent:D:\Programación\IntelliJ IDEA 2023.2.2\lib\idea_rt.jar=54073:D:\Programación\IntelliJ IDEA 2023.2.2\bin -Dfile.encoding=UTF-8 --module-path=C:\Users\PRUDEN\.m2\repository\com\dlsc\formsfx\formsfx-core\11.6.0\formsfx-core-11.6.0.jar;C:\Users\PRUDEN\.m2\repository\org\openjfx\javafx-controls\17.0.6\javafx-controls-17.0.6-win.jar;C:\Users\PRUDEN\.m2\repository\org\openjfx\javafx-graphics\17.0.6\javafx-graphics-17.0.6-win.jar;C:\Users\PRUDEN\.m2\repository\org\openjfx\javafx-fxml\17.0.6\javafx-fxml-17.0.6-win.jar;C:\Users\PRUDEN\.m2\repository\net\synedra\validatorfx\0.4.0\validatorfx-0.4.0.jar;C:\Users\PRUDEN\.m2\repository\org\openjfx\javafx-base\17.0.6\javafx-base-17.0.6-win.jar;C:\Users\PRUDEN\.m2\repository\org\controlsfx\controlsfx\11.1.2\controlsfx-11.1.2.jar;F:\Proyectos\Proyectos_JAVA\Tetris_2\target\classes;C:\Users\PRUDEN\.m2\repository\org\jetbrains\kotlin\kotlin-stdlib\1.8.22\kotlin-stdlib-1.8.22.jar -Djdk.module.main=com.pruden.tetris_2 
java_command: com.pruden.tetris_2/com.pruden.tetris_2.TetrisKt
java_class_path (initial): C:\Users\PRUDEN\.m2\repository\org\openjfx\javafx-controls\17.0.6\javafx-controls-17.0.6.jar;C:\Users\PRUDEN\.m2\repository\org\openjfx\javafx-graphics\17.0.6\javafx-graphics-17.0.6.jar;C:\Users\PRUDEN\.m2\repository\org\openjfx\javafx-base\17.0.6\javafx-base-17.0.6.jar;C:\Users\PRUDEN\.m2\repository\org\openjfx\javafx-fxml\17.0.6\javafx-fxml-17.0.6.jar;C:\Users\PRUDEN\.m2\repository\org\jetbrains\kotlin\kotlin-stdlib-common\1.8.22\kotlin-stdlib-common-1.8.22.jar;C:\Users\PRUDEN\.m2\repository\org\jetbrains\annotations\13.0\annotations-13.0.jar
Launcher Type: SUN_STANDARD

[Global flags]
     intx CICompilerCount                          = 3                                         {product} {ergonomic}
     uint ConcGCThreads                            = 1                                         {product} {ergonomic}
     uint G1ConcRefinementThreads                  = 4                                         {product} {ergonomic}
   size_t G1HeapRegionSize                         = 1048576                                   {product} {ergonomic}
    uintx GCDrainStackTargetSize                   = 64                                        {product} {ergonomic}
   size_t InitialHeapSize                          = 234881024                                 {product} {ergonomic}
   size_t MarkStackSize                            = 4194304                                   {product} {ergonomic}
   size_t MaxHeapSize                              = 3741319168                                {product} {ergonomic}
   size_t MaxNewSize                               = 2243952640                                {product} {ergonomic}
   size_t MinHeapDeltaBytes                        = 1048576                                   {product} {ergonomic}
    uintx NonNMethodCodeHeapSize                   = 5830732                                {pd product} {ergonomic}
    uintx NonProfiledCodeHeapSize                  = 122913754                              {pd product} {ergonomic}
    uintx ProfiledCodeHeapSize                     = 122913754                              {pd product} {ergonomic}
    uintx ReservedCodeCacheSize                    = 251658240                              {pd product} {ergonomic}
     bool SegmentedCodeCache                       = true                                      {product} {ergonomic}
     bool UseCompressedClassPointers               = true                                 {lp64_product} {ergonomic}
     bool UseCompressedOops                        = true                                 {lp64_product} {ergonomic}
     bool UseG1GC                                  = true                                      {product} {ergonomic}
     bool UseLargePagesIndividualAllocation        = false                                  {pd product} {ergonomic}

Logging:
Log output configuration:
 #0: stdout all=warning uptime,level,tags
 #1: stderr all=off uptime,level,tags

Environment Variables:
PATH=C:\ProgramData\Oracle\Java\javapath;C:\Program Files\Common Files\Oracle\Java\javapath;C:\Windows\system32;C:\Windows;C:\Windows\System32\Wbem;C:\Windows\System32\WindowsPowerShell\v1.0\;C:\Windows\System32\OpenSSH\;F:\puTTy\;F:\Calibre\;C:\Program Files\dotnet\;F:\Git\cmd;C:\Users\PRUDEN\AppData\Local\Programs\Python\Python312\Scripts\;C:\Users\PRUDEN\AppData\Local\Programs\Python\Python312\;C:\Users\PRUDEN\AppData\Local\Microsoft\WindowsApps;D:\Programación\Microsoft VS Code\bin;C:\Users\PRUDEN\.dotnet\tools;C:\Program Files\Java\jdk-17.0.1\bin;
USERNAME=PRUDEN
OS=Windows_NT
PROCESSOR_IDENTIFIER=AMD64 Family 23 Model 17 Stepping 0, AuthenticAMD
TMP=C:\Users\PRUDEN\AppData\Local\Temp
TEMP=C:\Users\PRUDEN\AppData\Local\Temp



---------------  S Y S T E M  ---------------

OS: Windows 10 , 64 bit Build 17763 (10.0.17763.475)
OS uptime: 0 days 22:05 hours

CPU:total 4 (initial active 4) (4 cores per cpu, 1 threads per core) family 23 model 17 stepping 0 microcode 0x0, cmov, cx8, fxsr, mmx, sse, sse2, sse3, ssse3, sse4.1, sse4.2, popcnt, avx, avx2, aes, clmul, mmxext, 3dnowpref, lzcnt, sse4a, tsc, tscinvbit, tscinv, bmi1, bmi2, adx, sha, fma

Memory: 4k page, system-wide physical 14267M (4505M free)
TotalPageFile size 22203M (AvailPageFile size 7359M)
current process WorkingSet (physical memory assigned to process): 167M, peak: 169M
current process commit charge ("private bytes"): 404M, peak: 409M

vm_info: OpenJDK 64-Bit Server VM (11.0.25+11-LTS) for windows-amd64 JRE (11.0.25+11-LTS), built on Oct 10 2024 12:26:06 by "" with MS VC++ 17.1 (VS2022)

END.
